Issuer:
    CN=UTN-USERFirst-Hardware
    OU=http://www.usertrust.com
    O=The USERTRUST Network
    L=Salt Lake City
    S=UT
    C=US
  Name Hash(sha1): 14a7e219f46b93e141258f08bc85764671f136b0
  Name Hash(md5): 903678ff03adabbadc6420298d4e5064
Subject:
    CN=UTN-USERFirst-Hardware
    OU=http://www.usertrust.com
    O=The USERTRUST Network
    L=Salt Lake City
    S=UT
    C=US
  Name Hash(sha1): 14a7e219f46b93e141258f08bc85764671f136b0
  Name Hash(md5): 903678ff03adabbadc6420298d4e5064
Cert Serial Number: 44be0c8b500024b411d3362afe650afd

dwFlags = CA_VERIFY_FLAGS_CONSOLE_TRACE (0x20000000)
dwFlags = CA_VERIFY_FLAGS_DUMP_CHAIN (0x40000000)
Application[0] = 1.3.6.1.5.5.7.3.1 Server Authentication
ChainFlags = CERT_CHAIN_REVOCATION_CHECK_CHAIN_EXCLUDE_ROOT (0x40000000)
HCCE_LOCAL_MACHINE
CERT_CHAIN_POLICY_BASE
-------- CERT_CHAIN_CONTEXT --------
ChainContext.dwInfoStatus = CERT_TRUST_HAS_PREFERRED_ISSUER (0x100)
ChainContext.dwErrorStatus = CERT_TRUST_IS_NOT_TIME_VALID (0x1)

SimpleChain.dwInfoStatus = CERT_TRUST_HAS_PREFERRED_ISSUER (0x100)
SimpleChain.dwErrorStatus = CERT_TRUST_IS_NOT_TIME_VALID (0x1)

CertContext[0][0]: dwInfoStatus=10c dwErrorStatus=1
  Issuer: CN=UTN-USERFirst-Hardware, OU=http://www.usertrust.com, O=The USERTRUST Network, L=Salt Lake City, S=UT, C=US
  NotBefore: 7/9/1999 2:10 PM
  NotAfter: 7/9/2019 2:19 PM
  Subject: CN=UTN-USERFirst-Hardware, OU=http://www.usertrust.com, O=The USERTRUST Network, L=Salt Lake City, S=UT, C=US
  Serial: 44be0c8b500024b411d3362afe650afd
  d7f9bee300465ebced2287050836ac9933ed8304
  Element.dwInfoStatus = CERT_TRUST_HAS_NAME_MATCH_ISSUER (0x4)
  Element.dwInfoStatus = CERT_TRUST_IS_SELF_SIGNED (0x8)
  Element.dwInfoStatus = CERT_TRUST_HAS_PREFERRED_ISSUER (0x100)
  Element.dwErrorStatus = CERT_TRUST_IS_NOT_TIME_VALID (0x1)
  Application[0] = 1.3.6.1.5.5.7.3.1 Server Authentication
  Application[1] = 1.3.6.1.5.5.7.3.6 IP security tunnel termination
  Application[2] = 1.3.6.1.5.5.7.3.7 IP security user

Exclude leaf cert:
  0907d8af90186095efbf55320d4b6b5eeea339da
Full chain:
  d7f9bee300465ebced2287050836ac9933ed8304
  Issuer: CN=UTN-USERFirst-Hardware, OU=http://www.usertrust.com, O=The USERTRUST Network, L=Salt Lake City, S=UT, C=US
  NotBefore: 7/9/1999 2:10 PM
  NotAfter: 7/9/2019 2:19 PM
  Subject: CN=UTN-USERFirst-Hardware, OU=http://www.usertrust.com, O=The USERTRUST Network, L=Salt Lake City, S=UT, C=US
  Serial: 44be0c8b500024b411d3362afe650afd
  d7f9bee300465ebced2287050836ac9933ed8304
A required certificate is not within its validity period when verifying against the current system clock or the timestamp in the signed file. 0x800b0101 (-2146762495 CERT_E_EXPIRED)
------------------------------------
Expired certificate
Cert is a CA certificate
Leaf certificate revocation check passed
CertUtil: -verify command completed successfully.
