Issuer:
    CN=SSC GDL CA Root A
    OU=CA ROOT Services
    O=Skaitmeninio sertifikavimo centras
    C=LT
  Name Hash(sha1): 22211668dfe3a6b43665c5dea1886a529a649dad
  Name Hash(md5): 97039334cb5ee105147068e3cc12f90e
Subject:
    CN=SSC GDL CA Root A
    OU=CA ROOT Services
    O=Skaitmeninio sertifikavimo centras
    C=LT
  Name Hash(sha1): 22211668dfe3a6b43665c5dea1886a529a649dad
  Name Hash(md5): 97039334cb5ee105147068e3cc12f90e
Cert Serial Number: 50966e72bd10d68c4f6bc7623f9c7038

dwFlags = CA_VERIFY_FLAGS_CONSOLE_TRACE (0x20000000)
dwFlags = CA_VERIFY_FLAGS_DUMP_CHAIN (0x40000000)
Application[0] = 1.3.6.1.5.5.7.3.1 Server Authentication
ChainFlags = CERT_CHAIN_REVOCATION_CHECK_CHAIN_EXCLUDE_ROOT (0x40000000)
HCCE_LOCAL_MACHINE
CERT_CHAIN_POLICY_BASE
-------- CERT_CHAIN_CONTEXT --------
ChainContext.dwInfoStatus = CERT_TRUST_HAS_PREFERRED_ISSUER (0x100)
ChainContext.dwErrorStatus = CERT_TRUST_IS_NOT_VALID_FOR_USAGE (0x10)

SimpleChain.dwInfoStatus = CERT_TRUST_HAS_PREFERRED_ISSUER (0x100)
SimpleChain.dwErrorStatus = CERT_TRUST_IS_NOT_VALID_FOR_USAGE (0x10)

CertContext[0][0]: dwInfoStatus=10c dwErrorStatus=10
  Issuer: CN=SSC GDL CA Root A, OU=CA ROOT Services, O=Skaitmeninio sertifikavimo centras, C=LT
  NotBefore: 6/4/2013 9:00 AM
  NotAfter: 6/4/2033 9:00 AM
  Subject: CN=SSC GDL CA Root A, OU=CA ROOT Services, O=Skaitmeninio sertifikavimo centras, C=LT
  Serial: 50966e72bd10d68c4f6bc7623f9c7038
  89b0b5df2bc40c5450521802428b8da8a409200c
  Element.dwInfoStatus = CERT_TRUST_HAS_NAME_MATCH_ISSUER (0x4)
  Element.dwInfoStatus = CERT_TRUST_IS_SELF_SIGNED (0x8)
  Element.dwInfoStatus = CERT_TRUST_HAS_PREFERRED_ISSUER (0x100)
  Element.dwErrorStatus = CERT_TRUST_IS_NOT_VALID_FOR_USAGE (0x10)
  Application[0] = 1.3.6.1.5.5.7.3.2 Client Authentication
  Application[1] = 1.3.6.1.5.5.7.3.4 Secure Email
  Application[2] = 1.3.6.1.5.5.7.3.3 Code Signing
  Application[3] = 1.3.6.1.4.1.311.10.3.12 Document Signing

Exclude leaf cert:
  0907d8af90186095efbf55320d4b6b5eeea339da
Full chain:
  89b0b5df2bc40c5450521802428b8da8a409200c
  Issuer: CN=SSC GDL CA Root A, OU=CA ROOT Services, O=Skaitmeninio sertifikavimo centras, C=LT
  NotBefore: 6/4/2013 9:00 AM
  NotAfter: 6/4/2033 9:00 AM
  Subject: CN=SSC GDL CA Root A, OU=CA ROOT Services, O=Skaitmeninio sertifikavimo centras, C=LT
  Serial: 50966e72bd10d68c4f6bc7623f9c7038
  89b0b5df2bc40c5450521802428b8da8a409200c
The certificate is not valid for the requested usage. 0x800b0110 (-2146762480 CERT_E_WRONG_USAGE)
------------------------------------
CertUtil: -verify command FAILED: 0x800b0110 (-2146762480 CERT_E_WRONG_USAGE)
CertUtil: The certificate is not valid for the requested usage.
