Issuer:
    CN=Staat der Nederlanden Root CA
    O=Staat der Nederlanden
    C=NL
  Name Hash(sha1): 883c860c31af8e09b9b7678a96a9338822e3bead
  Name Hash(md5): 72bbaecd6ad4a75d05d57bfec233bf1b
Subject:
    CN=Staat der Nederlanden Root CA
    O=Staat der Nederlanden
    C=NL
  Name Hash(sha1): 883c860c31af8e09b9b7678a96a9338822e3bead
  Name Hash(md5): 72bbaecd6ad4a75d05d57bfec233bf1b
Cert Serial Number: 98968a

dwFlags = CA_VERIFY_FLAGS_CONSOLE_TRACE (0x20000000)
dwFlags = CA_VERIFY_FLAGS_DUMP_CHAIN (0x40000000)
Application[0] = 1.3.6.1.5.5.7.3.1 Server Authentication
ChainFlags = CERT_CHAIN_REVOCATION_CHECK_CHAIN_EXCLUDE_ROOT (0x40000000)
HCCE_LOCAL_MACHINE
CERT_CHAIN_POLICY_BASE
-------- CERT_CHAIN_CONTEXT --------
ChainContext.dwInfoStatus = CERT_TRUST_HAS_PREFERRED_ISSUER (0x100)
ChainContext.dwErrorStatus = CERT_TRUST_IS_NOT_TIME_VALID (0x1)

SimpleChain.dwInfoStatus = CERT_TRUST_HAS_PREFERRED_ISSUER (0x100)
SimpleChain.dwErrorStatus = CERT_TRUST_IS_NOT_TIME_VALID (0x1)

CertContext[0][0]: dwInfoStatus=10c dwErrorStatus=1
  Issuer: CN=Staat der Nederlanden Root CA, O=Staat der Nederlanden, C=NL
  NotBefore: 12/17/2002 5:23 AM
  NotAfter: 12/16/2015 5:15 AM
  Subject: CN=Staat der Nederlanden Root CA, O=Staat der Nederlanden, C=NL
  Serial: 98968a
  043a73f41aa455190c60b59bbbcb0bd53ffa1d10
  Element.dwInfoStatus = CERT_TRUST_HAS_NAME_MATCH_ISSUER (0x4)
  Element.dwInfoStatus = CERT_TRUST_IS_SELF_SIGNED (0x8)
  Element.dwInfoStatus = CERT_TRUST_HAS_PREFERRED_ISSUER (0x100)
  Element.dwErrorStatus = CERT_TRUST_IS_NOT_TIME_VALID (0x1)
  Application[0] = 1.3.6.1.5.5.7.3.1 Server Authentication
  Application[1] = 1.3.6.1.5.5.7.3.2 Client Authentication
  Application[2] = 1.3.6.1.5.5.7.3.4 Secure Email
  Application[3] = 1.3.6.1.5.5.7.3.3 Code Signing
  Application[4] = 1.3.6.1.5.5.7.3.8 Time Stamping

Exclude leaf cert:
  0907d8af90186095efbf55320d4b6b5eeea339da
Full chain:
  043a73f41aa455190c60b59bbbcb0bd53ffa1d10
  Issuer: CN=Staat der Nederlanden Root CA, O=Staat der Nederlanden, C=NL
  NotBefore: 12/17/2002 5:23 AM
  NotAfter: 12/16/2015 5:15 AM
  Subject: CN=Staat der Nederlanden Root CA, O=Staat der Nederlanden, C=NL
  Serial: 98968a
  043a73f41aa455190c60b59bbbcb0bd53ffa1d10
A required certificate is not within its validity period when verifying against the current system clock or the timestamp in the signed file. 0x800b0101 (-2146762495 CERT_E_EXPIRED)
------------------------------------
Expired certificate
Cert is a CA certificate
Cannot check leaf certificate revocation status
CertUtil: -verify command completed successfully.
