Issuer:
    CN=CA DATEV STD 01
    O=DATEV eG
    C=DE
  Name Hash(sha1): 8a40c8def1b6323eeb6907f2a43e6e4af0c62c9a
  Name Hash(md5): 9743291ed3a1a95ce43bb78386134175
Subject:
    CN=CA DATEV STD 01
    O=DATEV eG
    C=DE
  Name Hash(sha1): 8a40c8def1b6323eeb6907f2a43e6e4af0c62c9a
  Name Hash(md5): 9743291ed3a1a95ce43bb78386134175
Cert Serial Number: 6b1f3632189d2d6fdbca19486fd4140b

dwFlags = CA_VERIFY_FLAGS_CONSOLE_TRACE (0x20000000)
dwFlags = CA_VERIFY_FLAGS_DUMP_CHAIN (0x40000000)
Application[0] = 1.3.6.1.5.5.7.3.1 Server Authentication
ChainFlags = CERT_CHAIN_REVOCATION_CHECK_CHAIN_EXCLUDE_ROOT (0x40000000)
HCCE_LOCAL_MACHINE
CERT_CHAIN_POLICY_BASE
-------- CERT_CHAIN_CONTEXT --------
ChainContext.dwInfoStatus = CERT_TRUST_HAS_PREFERRED_ISSUER (0x100)
ChainContext.dwErrorStatus = CERT_TRUST_IS_NOT_TIME_VALID (0x1)
ChainContext.dwErrorStatus = CERT_TRUST_IS_NOT_VALID_FOR_USAGE (0x10)

SimpleChain.dwInfoStatus = CERT_TRUST_HAS_PREFERRED_ISSUER (0x100)
SimpleChain.dwErrorStatus = CERT_TRUST_IS_NOT_TIME_VALID (0x1)
SimpleChain.dwErrorStatus = CERT_TRUST_IS_NOT_VALID_FOR_USAGE (0x10)

CertContext[0][0]: dwInfoStatus=109 dwErrorStatus=11
  Issuer: CN=CA DATEV STD 01, O=DATEV eG, C=DE
  NotBefore: 1/9/2009 7:42 AM
  NotAfter: 1/9/2017 9:42 AM
  Subject: CN=CA DATEV STD 01, O=DATEV eG, C=DE
  Serial: 6b1f3632189d2d6fdbca19486fd4140b
  c997d5810f1f9fff73c8d442fc91c58da5320315
  Element.dwInfoStatus = CERT_TRUST_HAS_EXACT_MATCH_ISSUER (0x1)
  Element.dwInfoStatus = CERT_TRUST_IS_SELF_SIGNED (0x8)
  Element.dwInfoStatus = CERT_TRUST_HAS_PREFERRED_ISSUER (0x100)
  Element.dwErrorStatus = CERT_TRUST_IS_NOT_TIME_VALID (0x1)
  Element.dwErrorStatus = CERT_TRUST_IS_NOT_VALID_FOR_USAGE (0x10)
  Issuance[0] = 0.4.0.2042.1.2 
  Application[0] = 1.3.6.1.5.5.7.3.2 Client Authentication
  Application[1] = 1.3.6.1.5.5.7.3.9 OCSP Signing
  Application[2] = 1.3.6.1.5.5.7.3.4 Secure Email
  Application[3] = 1.3.6.1.5.5.7.3.8 Time Stamping
  Application[4] = 1.3.6.1.4.1.311.10.3.4 Encrypting File System
  Application[5] = 1.3.6.1.4.1.311.10.3.12 Document Signing

Exclude leaf cert:
  0907d8af90186095efbf55320d4b6b5eeea339da
Full chain:
  c997d5810f1f9fff73c8d442fc91c58da5320315
  Issuer: CN=CA DATEV STD 01, O=DATEV eG, C=DE
  NotBefore: 1/9/2009 7:42 AM
  NotAfter: 1/9/2017 9:42 AM
  Subject: CN=CA DATEV STD 01, O=DATEV eG, C=DE
  Serial: 6b1f3632189d2d6fdbca19486fd4140b
  c997d5810f1f9fff73c8d442fc91c58da5320315
The certificate is not valid for the requested usage. 0x800b0110 (-2146762480 CERT_E_WRONG_USAGE)
------------------------------------
CertUtil: -verify command FAILED: 0x800b0110 (-2146762480 CERT_E_WRONG_USAGE)
CertUtil: The certificate is not valid for the requested usage.
