Issuer:
    CN=SITHS CA v3
    O=Carelink
    C=SE
  Name Hash(sha1): 3183a656588ca87a8d663e5721ef4bc860d9ec86
  Name Hash(md5): 0887f5a3ee2a219fcf59056c5f2c4ca3
Subject:
    CN=SITHS CA v3
    O=Carelink
    C=SE
  Name Hash(sha1): 3183a656588ca87a8d663e5721ef4bc860d9ec86
  Name Hash(md5): 0887f5a3ee2a219fcf59056c5f2c4ca3
Cert Serial Number: 1bd40ed434d1da15a6003015024da46c

dwFlags = CA_VERIFY_FLAGS_CONSOLE_TRACE (0x20000000)
dwFlags = CA_VERIFY_FLAGS_DUMP_CHAIN (0x40000000)
Application[0] = 1.3.6.1.5.5.7.3.1 Server Authentication
ChainFlags = CERT_CHAIN_REVOCATION_CHECK_CHAIN_EXCLUDE_ROOT (0x40000000)
HCCE_LOCAL_MACHINE
CERT_CHAIN_POLICY_BASE
-------- CERT_CHAIN_CONTEXT --------
ChainContext.dwInfoStatus = CERT_TRUST_HAS_PREFERRED_ISSUER (0x100)
ChainContext.dwErrorStatus = CERT_TRUST_IS_NOT_TIME_VALID (0x1)

SimpleChain.dwInfoStatus = CERT_TRUST_HAS_PREFERRED_ISSUER (0x100)
SimpleChain.dwErrorStatus = CERT_TRUST_IS_NOT_TIME_VALID (0x1)

CertContext[0][0]: dwInfoStatus=10c dwErrorStatus=1
  Issuer: CN=SITHS CA v3, O=Carelink, C=SE
  NotBefore: 11/28/2005 6:27 AM
  NotAfter: 11/28/2015 2:02 AM
  Subject: CN=SITHS CA v3, O=Carelink, C=SE
  Serial: 1bd40ed434d1da15a6003015024da46c
  5d960237273e60eb45947934cd4113af3566d816
  Element.dwInfoStatus = CERT_TRUST_HAS_NAME_MATCH_ISSUER (0x4)
  Element.dwInfoStatus = CERT_TRUST_IS_SELF_SIGNED (0x8)
  Element.dwInfoStatus = CERT_TRUST_HAS_PREFERRED_ISSUER (0x100)
  Element.dwErrorStatus = CERT_TRUST_IS_NOT_TIME_VALID (0x1)
  Issuance[0] = 1.2.752.74.1.1.3 
  Application[0] = 1.3.6.1.5.5.7.3.1 Server Authentication
  Application[1] = 1.3.6.1.5.5.7.3.2 Client Authentication
  Application[2] = 1.3.6.1.5.5.7.3.4 Secure Email
  Application[3] = 1.3.6.1.5.5.7.3.3 Code Signing
  Application[4] = 1.3.6.1.5.5.7.3.8 Time Stamping
  Application[5] = 1.3.6.1.4.1.311.10.3.4 Encrypting File System
  Application[6] = 1.3.6.1.5.5.7.3.6 IP security tunnel termination
  Application[7] = 1.3.6.1.5.5.7.3.7 IP security user

Exclude leaf cert:
  0907d8af90186095efbf55320d4b6b5eeea339da
Full chain:
  5d960237273e60eb45947934cd4113af3566d816
  Issuer: CN=SITHS CA v3, O=Carelink, C=SE
  NotBefore: 11/28/2005 6:27 AM
  NotAfter: 11/28/2015 2:02 AM
  Subject: CN=SITHS CA v3, O=Carelink, C=SE
  Serial: 1bd40ed434d1da15a6003015024da46c
  5d960237273e60eb45947934cd4113af3566d816
A required certificate is not within its validity period when verifying against the current system clock or the timestamp in the signed file. 0x800b0101 (-2146762495 CERT_E_EXPIRED)
------------------------------------
Expired certificate
Cert is a CA certificate
Cannot check leaf certificate revocation status
CertUtil: -verify command completed successfully.
