Issuer:
    CN=emSign Root CA - G2
    O=eMudhra Technologies Limited
    OU=emSign PKI
    C=IN
  Name Hash(sha1): 9240891573ca8c26e5a6ca8323a1c2cd93d9bbe5
  Name Hash(md5): a7f4e135d7346ee6058b4db6d46b9569
Subject:
    CN=emSign Root CA - G2
    O=eMudhra Technologies Limited
    OU=emSign PKI
    C=IN
  Name Hash(sha1): 9240891573ca8c26e5a6ca8323a1c2cd93d9bbe5
  Name Hash(md5): a7f4e135d7346ee6058b4db6d46b9569
Cert Serial Number: 864dbf0fe35ed77d8ed8

dwFlags = CA_VERIFY_FLAGS_CONSOLE_TRACE (0x20000000)
dwFlags = CA_VERIFY_FLAGS_DUMP_CHAIN (0x40000000)
Application[0] = 1.3.6.1.5.5.7.3.1 Server Authentication
ChainFlags = CERT_CHAIN_REVOCATION_CHECK_CHAIN_EXCLUDE_ROOT (0x40000000)
HCCE_LOCAL_MACHINE
CERT_CHAIN_POLICY_BASE
-------- CERT_CHAIN_CONTEXT --------
ChainContext.dwInfoStatus = CERT_TRUST_HAS_PREFERRED_ISSUER (0x100)
ChainContext.dwErrorStatus = CERT_TRUST_IS_NOT_VALID_FOR_USAGE (0x10)

SimpleChain.dwInfoStatus = CERT_TRUST_HAS_PREFERRED_ISSUER (0x100)
SimpleChain.dwErrorStatus = CERT_TRUST_IS_NOT_VALID_FOR_USAGE (0x10)

CertContext[0][0]: dwInfoStatus=10c dwErrorStatus=10
  Issuer: CN=emSign Root CA - G2, O=eMudhra Technologies Limited, OU=emSign PKI, C=IN
  NotBefore: 2/18/2018 2:30 PM
  NotAfter: 2/18/2043 2:30 PM
  Subject: CN=emSign Root CA - G2, O=eMudhra Technologies Limited, OU=emSign PKI, C=IN
  Serial: 864dbf0fe35ed77d8ed8
  6dc073a925471d35a1bde1ca17d070cfb977651e
  Element.dwInfoStatus = CERT_TRUST_HAS_NAME_MATCH_ISSUER (0x4)
  Element.dwInfoStatus = CERT_TRUST_IS_SELF_SIGNED (0x8)
  Element.dwInfoStatus = CERT_TRUST_HAS_PREFERRED_ISSUER (0x100)
  Element.dwErrorStatus = CERT_TRUST_IS_NOT_VALID_FOR_USAGE (0x10)
  Application[0] = 1.3.6.1.5.5.7.3.8 Time Stamping
  Application[1] = 1.3.6.1.5.5.7.3.3 Code Signing

Exclude leaf cert:
  0907d8af90186095efbf55320d4b6b5eeea339da
Full chain:
  6dc073a925471d35a1bde1ca17d070cfb977651e
  Issuer: CN=emSign Root CA - G2, O=eMudhra Technologies Limited, OU=emSign PKI, C=IN
  NotBefore: 2/18/2018 2:30 PM
  NotAfter: 2/18/2043 2:30 PM
  Subject: CN=emSign Root CA - G2, O=eMudhra Technologies Limited, OU=emSign PKI, C=IN
  Serial: 864dbf0fe35ed77d8ed8
  6dc073a925471d35a1bde1ca17d070cfb977651e
The certificate is not valid for the requested usage. 0x800b0110 (-2146762480 CERT_E_WRONG_USAGE)
------------------------------------
CertUtil: -verify command FAILED: 0x800b0110 (-2146762480 CERT_E_WRONG_USAGE)
CertUtil: The certificate is not valid for the requested usage.
