Issuer:
    CN=Notarius Root Certificate Authority
    O=Notarius Inc
    C=CA
  Name Hash(sha1): 9cac01cf02665adc0dcba30b002274c699c74ce1
  Name Hash(md5): df943215205b9761a2f2d9ed4e35754a
Subject:
    CN=Notarius Root Certificate Authority
    O=Notarius Inc
    C=CA
  Name Hash(sha1): 9cac01cf02665adc0dcba30b002274c699c74ce1
  Name Hash(md5): df943215205b9761a2f2d9ed4e35754a
Cert Serial Number: 5491a8b0

dwFlags = CA_VERIFY_FLAGS_CONSOLE_TRACE (0x20000000)
dwFlags = CA_VERIFY_FLAGS_DUMP_CHAIN (0x40000000)
Application[0] = 1.3.6.1.5.5.7.3.1 Server Authentication
ChainFlags = CERT_CHAIN_REVOCATION_CHECK_CHAIN_EXCLUDE_ROOT (0x40000000)
HCCE_LOCAL_MACHINE
CERT_CHAIN_POLICY_BASE
-------- CERT_CHAIN_CONTEXT --------
ChainContext.dwInfoStatus = CERT_TRUST_HAS_PREFERRED_ISSUER (0x100)
ChainContext.dwErrorStatus = CERT_TRUST_IS_NOT_VALID_FOR_USAGE (0x10)

SimpleChain.dwInfoStatus = CERT_TRUST_HAS_PREFERRED_ISSUER (0x100)
SimpleChain.dwErrorStatus = CERT_TRUST_IS_NOT_VALID_FOR_USAGE (0x10)

CertContext[0][0]: dwInfoStatus=10a dwErrorStatus=10
  Issuer: CN=Notarius Root Certificate Authority, O=Notarius Inc, C=CA
  NotBefore: 12/17/2014 11:30 AM
  NotAfter: 12/17/2034 12:00 PM
  Subject: CN=Notarius Root Certificate Authority, O=Notarius Inc, C=CA
  Serial: 5491a8b0
  1a72fca09502424d627be802288831b586143f1f
  Element.dwInfoStatus = CERT_TRUST_HAS_KEY_MATCH_ISSUER (0x2)
  Element.dwInfoStatus = CERT_TRUST_IS_SELF_SIGNED (0x8)
  Element.dwInfoStatus = CERT_TRUST_HAS_PREFERRED_ISSUER (0x100)
  Element.dwErrorStatus = CERT_TRUST_IS_NOT_VALID_FOR_USAGE (0x10)
  Application[0] = 1.3.6.1.5.5.7.3.2 Client Authentication
  Application[1] = 1.3.6.1.5.5.7.3.4 Secure Email
  Application[2] = 1.3.6.1.4.1.311.10.3.12 Document Signing

Exclude leaf cert:
  0907d8af90186095efbf55320d4b6b5eeea339da
Full chain:
  1a72fca09502424d627be802288831b586143f1f
  Issuer: CN=Notarius Root Certificate Authority, O=Notarius Inc, C=CA
  NotBefore: 12/17/2014 11:30 AM
  NotAfter: 12/17/2034 12:00 PM
  Subject: CN=Notarius Root Certificate Authority, O=Notarius Inc, C=CA
  Serial: 5491a8b0
  1a72fca09502424d627be802288831b586143f1f
The certificate is not valid for the requested usage. 0x800b0110 (-2146762480 CERT_E_WRONG_USAGE)
------------------------------------
CertUtil: -verify command FAILED: 0x800b0110 (-2146762480 CERT_E_WRONG_USAGE)
CertUtil: The certificate is not valid for the requested usage.
