Issuer:
    OU=VeriSign Commercial Software Publishers CA
    O=VeriSign, Inc.
    L=Internet
  Name Hash(sha1): 12d2cb85c5e62f9aa7591e2ddaa44c987de5abbc
  Name Hash(md5): 177f789e96523e206c796917c848d50f
Subject:
    OU=VeriSign Commercial Software Publishers CA
    O=VeriSign, Inc.
    L=Internet
  Name Hash(sha1): 12d2cb85c5e62f9aa7591e2ddaa44c987de5abbc
  Name Hash(md5): 177f789e96523e206c796917c848d50f
Cert Serial Number: 03c78f37db9228df3cbb1aad82fa6710

dwFlags = CA_VERIFY_FLAGS_CONSOLE_TRACE (0x20000000)
dwFlags = CA_VERIFY_FLAGS_DUMP_CHAIN (0x40000000)
Application[0] = 1.3.6.1.5.5.7.3.1 Server Authentication
ChainFlags = CERT_CHAIN_REVOCATION_CHECK_CHAIN_EXCLUDE_ROOT (0x40000000)
HCCE_LOCAL_MACHINE
CERT_CHAIN_POLICY_BASE
-------- CERT_CHAIN_CONTEXT --------
ChainContext.dwInfoStatus = CERT_TRUST_HAS_PREFERRED_ISSUER (0x100)
ChainContext.dwErrorStatus = CERT_TRUST_IS_NOT_TIME_VALID (0x1)
ChainContext.dwErrorStatus = CERT_TRUST_IS_NOT_VALID_FOR_USAGE (0x10)

SimpleChain.dwInfoStatus = CERT_TRUST_HAS_PREFERRED_ISSUER (0x100)
SimpleChain.dwErrorStatus = CERT_TRUST_IS_NOT_TIME_VALID (0x1)
SimpleChain.dwErrorStatus = CERT_TRUST_IS_NOT_VALID_FOR_USAGE (0x10)

CertContext[0][0]: dwInfoStatus=10c dwErrorStatus=11
  Issuer: OU=VeriSign Commercial Software Publishers CA, O="VeriSign, Inc.", L=Internet
  NotBefore: 4/8/1996 8:00 PM
  NotAfter: 1/7/2004 7:59 PM
  Subject: OU=VeriSign Commercial Software Publishers CA, O="VeriSign, Inc.", L=Internet
  Serial: 03c78f37db9228df3cbb1aad82fa6710
  6bbb8af22ba2f649074b0a7fa64336571f0aa424
  Element.dwInfoStatus = CERT_TRUST_HAS_NAME_MATCH_ISSUER (0x4)
  Element.dwInfoStatus = CERT_TRUST_IS_SELF_SIGNED (0x8)
  Element.dwInfoStatus = CERT_TRUST_HAS_PREFERRED_ISSUER (0x100)
  Element.dwErrorStatus = CERT_TRUST_IS_NOT_TIME_VALID (0x1)
  Element.dwErrorStatus = CERT_TRUST_IS_NOT_VALID_FOR_USAGE (0x10)
  Application[0] = 1.3.6.1.5.5.7.3.4 Secure Email
  Application[1] = 1.3.6.1.5.5.7.3.3 Code Signing

Exclude leaf cert:
  0907d8af90186095efbf55320d4b6b5eeea339da
Full chain:
  6bbb8af22ba2f649074b0a7fa64336571f0aa424
  Issuer: OU=VeriSign Commercial Software Publishers CA, O="VeriSign, Inc.", L=Internet
  NotBefore: 4/8/1996 8:00 PM
  NotAfter: 1/7/2004 7:59 PM
  Subject: OU=VeriSign Commercial Software Publishers CA, O="VeriSign, Inc.", L=Internet
  Serial: 03c78f37db9228df3cbb1aad82fa6710
  6bbb8af22ba2f649074b0a7fa64336571f0aa424
The certificate is not valid for the requested usage. 0x800b0110 (-2146762480 CERT_E_WRONG_USAGE)
------------------------------------
CertUtil: -verify command FAILED: 0x800b0110 (-2146762480 CERT_E_WRONG_USAGE)
CertUtil: The certificate is not valid for the requested usage.
