Issuer:
    CN=LAWtrust Root Certification Authority 2048
    OU=LAW Trusted Third Party Services PTY Ltd.
    O=LAWtrust
    C=ZA
  Name Hash(sha1): d3cb60a44e22daa87f977d30d9c0b9599abd98f9
  Name Hash(md5): 6be6e367ab83b896ecb48a015286df0e
Subject:
    CN=LAWtrust Root Certification Authority 2048
    OU=LAW Trusted Third Party Services PTY Ltd.
    O=LAWtrust
    C=ZA
  Name Hash(sha1): d3cb60a44e22daa87f977d30d9c0b9599abd98f9
  Name Hash(md5): 6be6e367ab83b896ecb48a015286df0e
Cert Serial Number: 4fb3d0ee

dwFlags = CA_VERIFY_FLAGS_CONSOLE_TRACE (0x20000000)
dwFlags = CA_VERIFY_FLAGS_DUMP_CHAIN (0x40000000)
Application[0] = 1.3.6.1.5.5.7.3.1 Server Authentication
ChainFlags = CERT_CHAIN_REVOCATION_CHECK_CHAIN_EXCLUDE_ROOT (0x40000000)
HCCE_LOCAL_MACHINE
CERT_CHAIN_POLICY_BASE
-------- CERT_CHAIN_CONTEXT --------
ChainContext.dwInfoStatus = CERT_TRUST_HAS_PREFERRED_ISSUER (0x100)
ChainContext.dwErrorStatus = CERT_TRUST_IS_NOT_VALID_FOR_USAGE (0x10)

SimpleChain.dwInfoStatus = CERT_TRUST_HAS_PREFERRED_ISSUER (0x100)
SimpleChain.dwErrorStatus = CERT_TRUST_IS_NOT_VALID_FOR_USAGE (0x10)

CertContext[0][0]: dwInfoStatus=10a dwErrorStatus=10
  Issuer: CN=LAWtrust Root Certification Authority 2048, OU=LAW Trusted Third Party Services PTY Ltd., O=LAWtrust, C=ZA
  NotBefore: 5/16/2012 11:40 AM
  NotAfter: 5/16/2032 12:10 PM
  Subject: CN=LAWtrust Root Certification Authority 2048, OU=LAW Trusted Third Party Services PTY Ltd., O=LAWtrust, C=ZA
  Serial: 4fb3d0ee
  0cf834554d7a2f19c9e278f22dcf2709f07f5a33
  Element.dwInfoStatus = CERT_TRUST_HAS_KEY_MATCH_ISSUER (0x2)
  Element.dwInfoStatus = CERT_TRUST_IS_SELF_SIGNED (0x8)
  Element.dwInfoStatus = CERT_TRUST_HAS_PREFERRED_ISSUER (0x100)
  Element.dwErrorStatus = CERT_TRUST_IS_NOT_VALID_FOR_USAGE (0x10)
  Application[0] = 1.3.6.1.5.5.7.3.2 Client Authentication
  Application[1] = 1.3.6.1.5.5.7.3.4 Secure Email

Exclude leaf cert:
  0907d8af90186095efbf55320d4b6b5eeea339da
Full chain:
  0cf834554d7a2f19c9e278f22dcf2709f07f5a33
  Issuer: CN=LAWtrust Root Certification Authority 2048, OU=LAW Trusted Third Party Services PTY Ltd., O=LAWtrust, C=ZA
  NotBefore: 5/16/2012 11:40 AM
  NotAfter: 5/16/2032 12:10 PM
  Subject: CN=LAWtrust Root Certification Authority 2048, OU=LAW Trusted Third Party Services PTY Ltd., O=LAWtrust, C=ZA
  Serial: 4fb3d0ee
  0cf834554d7a2f19c9e278f22dcf2709f07f5a33
The certificate is not valid for the requested usage. 0x800b0110 (-2146762480 CERT_E_WRONG_USAGE)
------------------------------------
CertUtil: -verify command FAILED: 0x800b0110 (-2146762480 CERT_E_WRONG_USAGE)
CertUtil: The certificate is not valid for the requested usage.
