Issuer:
    CN=ZETES TSP ROOT CA 001
    SERIALNUMBER=001
    O=ZETES SA (VATBE-0408425626)
    C=BE
  Name Hash(sha1): f5210a1ad7ab68e9a15cbac7fbd1efadc55a302b
  Name Hash(md5): cd918f7968c618a6a86e2270e59425a9
Subject:
    CN=ZETES TSP ROOT CA 001
    SERIALNUMBER=001
    O=ZETES SA (VATBE-0408425626)
    C=BE
  Name Hash(sha1): f5210a1ad7ab68e9a15cbac7fbd1efadc55a302b
  Name Hash(md5): cd918f7968c618a6a86e2270e59425a9
Cert Serial Number: 02541aa950d7ce1f

dwFlags = CA_VERIFY_FLAGS_CONSOLE_TRACE (0x20000000)
dwFlags = CA_VERIFY_FLAGS_DUMP_CHAIN (0x40000000)
Application[0] = 1.3.6.1.5.5.7.3.1 Server Authentication
ChainFlags = CERT_CHAIN_REVOCATION_CHECK_CHAIN_EXCLUDE_ROOT (0x40000000)
HCCE_LOCAL_MACHINE
CERT_CHAIN_POLICY_BASE
-------- CERT_CHAIN_CONTEXT --------
ChainContext.dwInfoStatus = CERT_TRUST_HAS_PREFERRED_ISSUER (0x100)
ChainContext.dwErrorStatus = CERT_TRUST_IS_NOT_VALID_FOR_USAGE (0x10)

SimpleChain.dwInfoStatus = CERT_TRUST_HAS_PREFERRED_ISSUER (0x100)
SimpleChain.dwErrorStatus = CERT_TRUST_IS_NOT_VALID_FOR_USAGE (0x10)

CertContext[0][0]: dwInfoStatus=10a dwErrorStatus=10
  Issuer: CN=ZETES TSP ROOT CA 001, SERIALNUMBER=001, O=ZETES SA (VATBE-0408425626), C=BE
  NotBefore: 5/20/2016 9:23 AM
  NotAfter: 5/20/2036 9:23 AM
  Subject: CN=ZETES TSP ROOT CA 001, SERIALNUMBER=001, O=ZETES SA (VATBE-0408425626), C=BE
  Serial: 02541aa950d7ce1f
  1a4e50ed1a82fcbf5056379bc38b6dfc95d25337
  Element.dwInfoStatus = CERT_TRUST_HAS_KEY_MATCH_ISSUER (0x2)
  Element.dwInfoStatus = CERT_TRUST_IS_SELF_SIGNED (0x8)
  Element.dwInfoStatus = CERT_TRUST_HAS_PREFERRED_ISSUER (0x100)
  Element.dwErrorStatus = CERT_TRUST_IS_NOT_VALID_FOR_USAGE (0x10)
  Application[0] = 1.3.6.1.5.5.7.3.8 Time Stamping
  Application[1] = 1.3.6.1.4.1.311.10.3.12 Document Signing
  Application[2] = 1.3.6.1.5.5.7.3.9 OCSP Signing
  Application[3] = 1.3.6.1.5.5.7.3.2 Client Authentication
  Application[4] = 1.3.6.1.5.5.7.3.4 Secure Email

Exclude leaf cert:
  0907d8af90186095efbf55320d4b6b5eeea339da
Full chain:
  1a4e50ed1a82fcbf5056379bc38b6dfc95d25337
  Issuer: CN=ZETES TSP ROOT CA 001, SERIALNUMBER=001, O=ZETES SA (VATBE-0408425626), C=BE
  NotBefore: 5/20/2016 9:23 AM
  NotAfter: 5/20/2036 9:23 AM
  Subject: CN=ZETES TSP ROOT CA 001, SERIALNUMBER=001, O=ZETES SA (VATBE-0408425626), C=BE
  Serial: 02541aa950d7ce1f
  1a4e50ed1a82fcbf5056379bc38b6dfc95d25337
The certificate is not valid for the requested usage. 0x800b0110 (-2146762480 CERT_E_WRONG_USAGE)
------------------------------------
CertUtil: -verify command FAILED: 0x800b0110 (-2146762480 CERT_E_WRONG_USAGE)
CertUtil: The certificate is not valid for the requested usage.
