Issuer:
    CN=America Online Root Certification Authority 1
    O=America Online Inc.
    C=US
  Name Hash(sha1): 3c8008731e5ff9a0e7a6b0fb906fc6e439cbe862
  Name Hash(md5): 84cca4bd69d41035b3455e859fa2a692
Subject:
    CN=America Online Root Certification Authority 1
    O=America Online Inc.
    C=US
  Name Hash(sha1): 3c8008731e5ff9a0e7a6b0fb906fc6e439cbe862
  Name Hash(md5): 84cca4bd69d41035b3455e859fa2a692
Cert Serial Number: 01

dwFlags = CA_VERIFY_FLAGS_CONSOLE_TRACE (0x20000000)
dwFlags = CA_VERIFY_FLAGS_DUMP_CHAIN (0x40000000)
Application[0] = 1.3.6.1.5.5.7.3.1 Server Authentication
ChainFlags = CERT_CHAIN_REVOCATION_CHECK_CHAIN_EXCLUDE_ROOT (0x40000000)
HCCE_LOCAL_MACHINE
CERT_CHAIN_POLICY_BASE
-------- CERT_CHAIN_CONTEXT --------
ChainContext.dwInfoStatus = CERT_TRUST_HAS_PREFERRED_ISSUER (0x100)
ChainContext.dwErrorStatus = CERT_TRUST_IS_NOT_VALID_FOR_USAGE (0x10)

SimpleChain.dwInfoStatus = CERT_TRUST_HAS_PREFERRED_ISSUER (0x100)
SimpleChain.dwErrorStatus = CERT_TRUST_IS_NOT_VALID_FOR_USAGE (0x10)

CertContext[0][0]: dwInfoStatus=10a dwErrorStatus=10
  Issuer: CN=America Online Root Certification Authority 1, O=America Online Inc., C=US
  NotBefore: 5/28/2002 2:00 AM
  NotAfter: 11/19/2037 4:43 PM
  Subject: CN=America Online Root Certification Authority 1, O=America Online Inc., C=US
  Serial: 01
  6a560b05d8217df0c45bcb5cca0e5dc115c12139
  Element.dwInfoStatus = CERT_TRUST_HAS_KEY_MATCH_ISSUER (0x2)
  Element.dwInfoStatus = CERT_TRUST_IS_SELF_SIGNED (0x8)
  Element.dwInfoStatus = CERT_TRUST_HAS_PREFERRED_ISSUER (0x100)
  Element.dwErrorStatus = CERT_TRUST_IS_NOT_VALID_FOR_USAGE (0x10)
  Application[0] = 1.3.6.1.5.5.7.3.3 Code Signing

Exclude leaf cert:
  0907d8af90186095efbf55320d4b6b5eeea339da
Full chain:
  6a560b05d8217df0c45bcb5cca0e5dc115c12139
  Issuer: CN=America Online Root Certification Authority 1, O=America Online Inc., C=US
  NotBefore: 5/28/2002 2:00 AM
  NotAfter: 11/19/2037 4:43 PM
  Subject: CN=America Online Root Certification Authority 1, O=America Online Inc., C=US
  Serial: 01
  6a560b05d8217df0c45bcb5cca0e5dc115c12139
The certificate is not valid for the requested usage. 0x800b0110 (-2146762480 CERT_E_WRONG_USAGE)
------------------------------------
CertUtil: -verify command FAILED: 0x800b0110 (-2146762480 CERT_E_WRONG_USAGE)
CertUtil: The certificate is not valid for the requested usage.
