Issuer:
    CN=SecureSign RootCA11
    O=Japan Certification Services, Inc.
    C=JP
  Name Hash(sha1): 3e1dc9972fad24416681210abbfea0cc4130ef13
  Name Hash(md5): f44653ab59033cede8ae1a4868122b16
Subject:
    CN=SecureSign RootCA11
    O=Japan Certification Services, Inc.
    C=JP
  Name Hash(sha1): 3e1dc9972fad24416681210abbfea0cc4130ef13
  Name Hash(md5): f44653ab59033cede8ae1a4868122b16
Cert Serial Number: 01

dwFlags = CA_VERIFY_FLAGS_CONSOLE_TRACE (0x20000000)
dwFlags = CA_VERIFY_FLAGS_DUMP_CHAIN (0x40000000)
Application[0] = 1.3.6.1.5.5.7.3.1 Server Authentication
ChainFlags = CERT_CHAIN_REVOCATION_CHECK_CHAIN_EXCLUDE_ROOT (0x40000000)
HCCE_LOCAL_MACHINE
CERT_CHAIN_POLICY_BASE
-------- CERT_CHAIN_CONTEXT --------
ChainContext.dwInfoStatus = CERT_TRUST_HAS_PREFERRED_ISSUER (0x100)
ChainContext.dwErrorStatus = CERT_TRUST_IS_NOT_VALID_FOR_USAGE (0x10)

SimpleChain.dwInfoStatus = CERT_TRUST_HAS_PREFERRED_ISSUER (0x100)
SimpleChain.dwErrorStatus = CERT_TRUST_IS_NOT_VALID_FOR_USAGE (0x10)

CertContext[0][0]: dwInfoStatus=10c dwErrorStatus=10
  Issuer: CN=SecureSign RootCA11, O="Japan Certification Services, Inc.", C=JP
  NotBefore: 4/8/2009 12:56 AM
  NotAfter: 4/8/2029 12:56 AM
  Subject: CN=SecureSign RootCA11, O="Japan Certification Services, Inc.", C=JP
  Serial: 01
  b311d8c765c3b15bf8bd1e9ca073f3f8489fc43b
  Element.dwInfoStatus = CERT_TRUST_HAS_NAME_MATCH_ISSUER (0x4)
  Element.dwInfoStatus = CERT_TRUST_IS_SELF_SIGNED (0x8)
  Element.dwInfoStatus = CERT_TRUST_HAS_PREFERRED_ISSUER (0x100)
  Element.dwErrorStatus = CERT_TRUST_IS_NOT_VALID_FOR_USAGE (0x10)
  Application[0] = 1.3.6.1.5.5.7.3.2 Client Authentication
  Application[1] = 1.3.6.1.5.5.7.3.4 Secure Email
  Application[2] = 1.3.6.1.5.5.7.3.3 Code Signing
  Application[3] = 1.3.6.1.5.5.7.3.8 Time Stamping
  Application[4] = 1.3.6.1.4.1.311.10.3.4 Encrypting File System
  Application[5] = 1.3.6.1.5.5.7.3.6 IP security tunnel termination
  Application[6] = 1.3.6.1.5.5.7.3.7 IP security user

Exclude leaf cert:
  0907d8af90186095efbf55320d4b6b5eeea339da
Full chain:
  b311d8c765c3b15bf8bd1e9ca073f3f8489fc43b
  Issuer: CN=SecureSign RootCA11, O="Japan Certification Services, Inc.", C=JP
  NotBefore: 4/8/2009 12:56 AM
  NotAfter: 4/8/2029 12:56 AM
  Subject: CN=SecureSign RootCA11, O="Japan Certification Services, Inc.", C=JP
  Serial: 01
  b311d8c765c3b15bf8bd1e9ca073f3f8489fc43b
The certificate is not valid for the requested usage. 0x800b0110 (-2146762480 CERT_E_WRONG_USAGE)
------------------------------------
CertUtil: -verify command FAILED: 0x800b0110 (-2146762480 CERT_E_WRONG_USAGE)
CertUtil: The certificate is not valid for the requested usage.
