Issuer:
    CN=BYTE Root Certification Authority 001
    O=BYTE Computer S.A.
    C=GR
  Name Hash(sha1): 014689a7b17bce6b9e71252efe3d637f3aa7c513
  Name Hash(md5): dd32b28e2a2ef0801600005196fb0ec0
Subject:
    CN=BYTE Root Certification Authority 001
    O=BYTE Computer S.A.
    C=GR
  Name Hash(sha1): 014689a7b17bce6b9e71252efe3d637f3aa7c513
  Name Hash(md5): dd32b28e2a2ef0801600005196fb0ec0
Cert Serial Number: 718c2f397c407440

dwFlags = CA_VERIFY_FLAGS_CONSOLE_TRACE (0x20000000)
dwFlags = CA_VERIFY_FLAGS_DUMP_CHAIN (0x40000000)
Application[0] = 1.3.6.1.5.5.7.3.1 Server Authentication
ChainFlags = CERT_CHAIN_REVOCATION_CHECK_CHAIN_EXCLUDE_ROOT (0x40000000)
HCCE_LOCAL_MACHINE
CERT_CHAIN_POLICY_BASE
-------- CERT_CHAIN_CONTEXT --------
ChainContext.dwInfoStatus = CERT_TRUST_HAS_PREFERRED_ISSUER (0x100)
ChainContext.dwErrorStatus = CERT_TRUST_IS_NOT_VALID_FOR_USAGE (0x10)

SimpleChain.dwInfoStatus = CERT_TRUST_HAS_PREFERRED_ISSUER (0x100)
SimpleChain.dwErrorStatus = CERT_TRUST_IS_NOT_VALID_FOR_USAGE (0x10)

CertContext[0][0]: dwInfoStatus=10a dwErrorStatus=10
  Issuer: CN=BYTE Root Certification Authority 001, O=BYTE Computer S.A., C=GR
  NotBefore: 9/10/2014 6:01 PM
  NotAfter: 9/10/2039 6:01 PM
  Subject: CN=BYTE Root Certification Authority 001, O=BYTE Computer S.A., C=GR
  Serial: 718c2f397c407440
  18649ca61e02bbb7770ad9cf0458efa717eb0f3f
  Element.dwInfoStatus = CERT_TRUST_HAS_KEY_MATCH_ISSUER (0x2)
  Element.dwInfoStatus = CERT_TRUST_IS_SELF_SIGNED (0x8)
  Element.dwInfoStatus = CERT_TRUST_HAS_PREFERRED_ISSUER (0x100)
  Element.dwErrorStatus = CERT_TRUST_IS_NOT_VALID_FOR_USAGE (0x10)
  Application[0] = 1.3.6.1.5.5.7.3.2 Client Authentication
  Application[1] = 1.3.6.1.5.5.7.3.4 Secure Email
  Application[2] = 1.3.6.1.5.5.7.3.3 Code Signing
  Application[3] = 1.3.6.1.5.5.7.3.8 Time Stamping
  Application[4] = 1.3.6.1.4.1.311.10.3.12 Document Signing

Exclude leaf cert:
  0907d8af90186095efbf55320d4b6b5eeea339da
Full chain:
  18649ca61e02bbb7770ad9cf0458efa717eb0f3f
  Issuer: CN=BYTE Root Certification Authority 001, O=BYTE Computer S.A., C=GR
  NotBefore: 9/10/2014 6:01 PM
  NotAfter: 9/10/2039 6:01 PM
  Subject: CN=BYTE Root Certification Authority 001, O=BYTE Computer S.A., C=GR
  Serial: 718c2f397c407440
  18649ca61e02bbb7770ad9cf0458efa717eb0f3f
The certificate is not valid for the requested usage. 0x800b0110 (-2146762480 CERT_E_WRONG_USAGE)
------------------------------------
CertUtil: -verify command FAILED: 0x800b0110 (-2146762480 CERT_E_WRONG_USAGE)
CertUtil: The certificate is not valid for the requested usage.
