Issuer:
    CN=Juur-SK
    O=AS Sertifitseerimiskeskus
    C=EE
    E=pki@sk.ee
  Name Hash(sha1): 1703f2949488373a4e308b4f67012b1692436b08
  Name Hash(md5): 2efc9a1119ca8035206085d40ade382f
Subject:
    CN=Juur-SK
    O=AS Sertifitseerimiskeskus
    C=EE
    E=pki@sk.ee
  Name Hash(sha1): 1703f2949488373a4e308b4f67012b1692436b08
  Name Hash(md5): 2efc9a1119ca8035206085d40ade382f
Cert Serial Number: 3b8e4bfc

dwFlags = CA_VERIFY_FLAGS_CONSOLE_TRACE (0x20000000)
dwFlags = CA_VERIFY_FLAGS_DUMP_CHAIN (0x40000000)
Application[0] = 1.3.6.1.5.5.7.3.1 Server Authentication
ChainFlags = CERT_CHAIN_REVOCATION_CHECK_CHAIN_EXCLUDE_ROOT (0x40000000)
HCCE_LOCAL_MACHINE
CERT_CHAIN_POLICY_BASE
-------- CERT_CHAIN_CONTEXT --------
ChainContext.dwInfoStatus = CERT_TRUST_HAS_PREFERRED_ISSUER (0x100)
ChainContext.dwErrorStatus = CERT_TRUST_IS_NOT_TIME_VALID (0x1)

SimpleChain.dwInfoStatus = CERT_TRUST_HAS_PREFERRED_ISSUER (0x100)
SimpleChain.dwErrorStatus = CERT_TRUST_IS_NOT_TIME_VALID (0x1)

CertContext[0][0]: dwInfoStatus=10a dwErrorStatus=1
  Issuer: CN=Juur-SK, O=AS Sertifitseerimiskeskus, C=EE, E=pki@sk.ee
  NotBefore: 8/30/2001 10:23 AM
  NotAfter: 8/26/2016 10:23 AM
  Subject: CN=Juur-SK, O=AS Sertifitseerimiskeskus, C=EE, E=pki@sk.ee
  Serial: 3b8e4bfc
  89b809cd0d442298cb649bb6275cb517d94b9d40
  Element.dwInfoStatus = CERT_TRUST_HAS_KEY_MATCH_ISSUER (0x2)
  Element.dwInfoStatus = CERT_TRUST_IS_SELF_SIGNED (0x8)
  Element.dwInfoStatus = CERT_TRUST_HAS_PREFERRED_ISSUER (0x100)
  Element.dwErrorStatus = CERT_TRUST_IS_NOT_TIME_VALID (0x1)
  Issuance[0] = 1.3.6.1.4.1.10015.1.1.1 
  Application[0] = 1.3.6.1.5.5.7.3.1 Server Authentication
  Application[1] = 1.3.6.1.5.5.7.3.2 Client Authentication
  Application[2] = 1.3.6.1.5.5.7.3.4 Secure Email
  Application[3] = 1.3.6.1.5.5.7.3.3 Code Signing

Exclude leaf cert:
  0907d8af90186095efbf55320d4b6b5eeea339da
Full chain:
  89b809cd0d442298cb649bb6275cb517d94b9d40
  Issuer: CN=Juur-SK, O=AS Sertifitseerimiskeskus, C=EE, E=pki@sk.ee
  NotBefore: 8/30/2001 10:23 AM
  NotAfter: 8/26/2016 10:23 AM
  Subject: CN=Juur-SK, O=AS Sertifitseerimiskeskus, C=EE, E=pki@sk.ee
  Serial: 3b8e4bfc
  89b809cd0d442298cb649bb6275cb517d94b9d40
A required certificate is not within its validity period when verifying against the current system clock or the timestamp in the signed file. 0x800b0101 (-2146762495 CERT_E_EXPIRED)
------------------------------------
Expired certificate
Cert is a CA certificate

ERROR: Verifying leaf certificate revocation status returned The revocation function was unable to check revocation because the revocation server was offline. 0x80092013 (-2146885613 CRYPT_E_REVOCATION_OFFLINE)
CertUtil: The revocation function was unable to check revocation because the revocation server was offline.

CertUtil: -verify command completed successfully.
