Issuer:
    CN=Symantec Class 2 Public Primary Certification Authority - G6
    OU=Symantec Trust Network
    O=Symantec Corporation
    C=US
  Name Hash(sha1): ce0569c6c4b1ec6b24614d8c95b4992731a86e17
  Name Hash(md5): 7d410807fd6c599c6362abbad7298a99
Subject:
    CN=Symantec Class 2 Public Primary Certification Authority - G6
    OU=Symantec Trust Network
    O=Symantec Corporation
    C=US
  Name Hash(sha1): ce0569c6c4b1ec6b24614d8c95b4992731a86e17
  Name Hash(md5): 7d410807fd6c599c6362abbad7298a99
Cert Serial Number: 64829efc371e745dfc97ff97c8b1ff41

dwFlags = CA_VERIFY_FLAGS_CONSOLE_TRACE (0x20000000)
dwFlags = CA_VERIFY_FLAGS_DUMP_CHAIN (0x40000000)
Application[0] = 1.3.6.1.5.5.7.3.1 Server Authentication
ChainFlags = CERT_CHAIN_REVOCATION_CHECK_CHAIN_EXCLUDE_ROOT (0x40000000)
HCCE_LOCAL_MACHINE
CERT_CHAIN_POLICY_BASE
-------- CERT_CHAIN_CONTEXT --------
ChainContext.dwInfoStatus = CERT_TRUST_HAS_PREFERRED_ISSUER (0x100)
ChainContext.dwErrorStatus = CERT_TRUST_IS_NOT_VALID_FOR_USAGE (0x10)

SimpleChain.dwInfoStatus = CERT_TRUST_HAS_PREFERRED_ISSUER (0x100)
SimpleChain.dwErrorStatus = CERT_TRUST_IS_NOT_VALID_FOR_USAGE (0x10)

CertContext[0][0]: dwInfoStatus=10c dwErrorStatus=10
  Issuer: CN=Symantec Class 2 Public Primary Certification Authority - G6, OU=Symantec Trust Network, O=Symantec Corporation, C=US
  NotBefore: 10/17/2011 8:00 PM
  NotAfter: 12/1/2037 7:59 PM
  Subject: CN=Symantec Class 2 Public Primary Certification Authority - G6, OU=Symantec Trust Network, O=Symantec Corporation, C=US
  Serial: 64829efc371e745dfc97ff97c8b1ff41
  8f1dd451c24e4f70ca9339bc55e8bfe9a031b340
  Element.dwInfoStatus = CERT_TRUST_HAS_NAME_MATCH_ISSUER (0x4)
  Element.dwInfoStatus = CERT_TRUST_IS_SELF_SIGNED (0x8)
  Element.dwInfoStatus = CERT_TRUST_HAS_PREFERRED_ISSUER (0x100)
  Element.dwErrorStatus = CERT_TRUST_IS_NOT_VALID_FOR_USAGE (0x10)
  Application[0] = 1.3.6.1.5.5.7.3.4 Secure Email
  Application[1] = 1.3.6.1.5.5.7.3.2 Client Authentication

Exclude leaf cert:
  0907d8af90186095efbf55320d4b6b5eeea339da
Full chain:
  8f1dd451c24e4f70ca9339bc55e8bfe9a031b340
  Issuer: CN=Symantec Class 2 Public Primary Certification Authority - G6, OU=Symantec Trust Network, O=Symantec Corporation, C=US
  NotBefore: 10/17/2011 8:00 PM
  NotAfter: 12/1/2037 7:59 PM
  Subject: CN=Symantec Class 2 Public Primary Certification Authority - G6, OU=Symantec Trust Network, O=Symantec Corporation, C=US
  Serial: 64829efc371e745dfc97ff97c8b1ff41
  8f1dd451c24e4f70ca9339bc55e8bfe9a031b340
The certificate is not valid for the requested usage. 0x800b0110 (-2146762480 CERT_E_WRONG_USAGE)
------------------------------------
CertUtil: -verify command FAILED: 0x800b0110 (-2146762480 CERT_E_WRONG_USAGE)
CertUtil: The certificate is not valid for the requested usage.
