Issuer:
    OU=FNMT Clase 2 CA
    O=FNMT
    C=ES
  Name Hash(sha1): 612c346580c92fe8b93b627e30dfba1b75d07e93
  Name Hash(md5): 5bdabd1d5ee71181db240b589f26aae9
Subject:
    OU=FNMT Clase 2 CA
    O=FNMT
    C=ES
  Name Hash(sha1): 612c346580c92fe8b93b627e30dfba1b75d07e93
  Name Hash(md5): 5bdabd1d5ee71181db240b589f26aae9
Cert Serial Number: 36f11b19

dwFlags = CA_VERIFY_FLAGS_CONSOLE_TRACE (0x20000000)
dwFlags = CA_VERIFY_FLAGS_DUMP_CHAIN (0x40000000)
Application[0] = 1.3.6.1.5.5.7.3.1 Server Authentication
ChainFlags = CERT_CHAIN_REVOCATION_CHECK_CHAIN_EXCLUDE_ROOT (0x40000000)
HCCE_LOCAL_MACHINE
CERT_CHAIN_POLICY_BASE
-------- CERT_CHAIN_CONTEXT --------
ChainContext.dwInfoStatus = CERT_TRUST_HAS_PREFERRED_ISSUER (0x100)
ChainContext.dwErrorStatus = CERT_TRUST_IS_NOT_TIME_VALID (0x1)

SimpleChain.dwInfoStatus = CERT_TRUST_HAS_PREFERRED_ISSUER (0x100)
SimpleChain.dwErrorStatus = CERT_TRUST_IS_NOT_TIME_VALID (0x1)

CertContext[0][0]: dwInfoStatus=10a dwErrorStatus=1
  Issuer: OU=FNMT Clase 2 CA, O=FNMT, C=ES
  NotBefore: 3/18/1999 10:56 AM
  NotAfter: 3/18/2019 11:26 AM
  Subject: OU=FNMT Clase 2 CA, O=FNMT, C=ES
  Serial: 36f11b19
  549aef2f372b08d0b031522248fdbad510b1f943
  Element.dwInfoStatus = CERT_TRUST_HAS_KEY_MATCH_ISSUER (0x2)
  Element.dwInfoStatus = CERT_TRUST_IS_SELF_SIGNED (0x8)
  Element.dwInfoStatus = CERT_TRUST_HAS_PREFERRED_ISSUER (0x100)
  Element.dwErrorStatus = CERT_TRUST_IS_NOT_TIME_VALID (0x1)
  Application[0] = 1.3.6.1.5.5.7.3.4 Secure Email
  Application[1] = 1.3.6.1.5.5.7.3.1 Server Authentication

Exclude leaf cert:
  0907d8af90186095efbf55320d4b6b5eeea339da
Full chain:
  549aef2f372b08d0b031522248fdbad510b1f943
  Issuer: OU=FNMT Clase 2 CA, O=FNMT, C=ES
  NotBefore: 3/18/1999 10:56 AM
  NotAfter: 3/18/2019 11:26 AM
  Subject: OU=FNMT Clase 2 CA, O=FNMT, C=ES
  Serial: 36f11b19
  549aef2f372b08d0b031522248fdbad510b1f943
A required certificate is not within its validity period when verifying against the current system clock or the timestamp in the signed file. 0x800b0101 (-2146762495 CERT_E_EXPIRED)
------------------------------------
Expired certificate
Cert is a CA certificate

ERROR: Verifying leaf certificate revocation status returned The revocation function was unable to check revocation because the revocation server was offline. 0x80092013 (-2146885613 CRYPT_E_REVOCATION_OFFLINE)
CertUtil: The revocation function was unable to check revocation because the revocation server was offline.

CertUtil: -verify command completed successfully.
