Issuer:
    E=Info@izenpe.com
    CN=Izenpe.com
    L=Avda del Mediterraneo Etorbidea 3 - 01010 Vitoria-Gasteiz
    O=IZENPE S.A. - CIF A-01337260-RMerc.Vitoria-Gasteiz T1055 F62 S8
    C=ES
  Name Hash(sha1): 59c20823e63ec8dd33db8c83ac8d69c78ea03b1e
  Name Hash(md5): 7a24903f122e6d3339ba00871199cd96
Subject:
    E=Info@izenpe.com
    CN=Izenpe.com
    L=Avda del Mediterraneo Etorbidea 3 - 01010 Vitoria-Gasteiz
    O=IZENPE S.A. - CIF A-01337260-RMerc.Vitoria-Gasteiz T1055 F62 S8
    C=ES
  Name Hash(sha1): 59c20823e63ec8dd33db8c83ac8d69c78ea03b1e
  Name Hash(md5): 7a24903f122e6d3339ba00871199cd96
Cert Serial Number: 01

dwFlags = CA_VERIFY_FLAGS_CONSOLE_TRACE (0x20000000)
dwFlags = CA_VERIFY_FLAGS_DUMP_CHAIN (0x40000000)
Application[0] = 1.3.6.1.5.5.7.3.1 Server Authentication
ChainFlags = CERT_CHAIN_REVOCATION_CHECK_CHAIN_EXCLUDE_ROOT (0x40000000)
HCCE_LOCAL_MACHINE
CERT_CHAIN_POLICY_BASE
-------- CERT_CHAIN_CONTEXT --------
ChainContext.dwInfoStatus = CERT_TRUST_HAS_PREFERRED_ISSUER (0x100)
ChainContext.dwErrorStatus = CERT_TRUST_IS_NOT_TIME_VALID (0x1)

SimpleChain.dwInfoStatus = CERT_TRUST_HAS_PREFERRED_ISSUER (0x100)
SimpleChain.dwErrorStatus = CERT_TRUST_IS_NOT_TIME_VALID (0x1)

CertContext[0][0]: dwInfoStatus=10c dwErrorStatus=1
  Issuer: E=Info@izenpe.com, CN=Izenpe.com, L=Avda del Mediterraneo Etorbidea 3 - 01010 Vitoria-Gasteiz, O=IZENPE S.A. - CIF A-01337260-RMerc.Vitoria-Gasteiz T1055 F62 S8, C=ES
  NotBefore: 1/30/2003 7:00 PM
  NotAfter: 1/30/2018 7:00 PM
  Subject: E=Info@izenpe.com, CN=Izenpe.com, L=Avda del Mediterraneo Etorbidea 3 - 01010 Vitoria-Gasteiz, O=IZENPE S.A. - CIF A-01337260-RMerc.Vitoria-Gasteiz T1055 F62 S8, C=ES
  Serial: 01
  c79bc192ffd7f2de77e372cdcf1e0edc6b8d3f4a
  Element.dwInfoStatus = CERT_TRUST_HAS_NAME_MATCH_ISSUER (0x4)
  Element.dwInfoStatus = CERT_TRUST_IS_SELF_SIGNED (0x8)
  Element.dwInfoStatus = CERT_TRUST_HAS_PREFERRED_ISSUER (0x100)
  Element.dwErrorStatus = CERT_TRUST_IS_NOT_TIME_VALID (0x1)
  Application[0] = 1.3.6.1.5.5.7.3.1 Server Authentication
  Application[1] = 1.3.6.1.5.5.7.3.2 Client Authentication
  Application[2] = 1.3.6.1.5.5.7.3.4 Secure Email
  Application[3] = 1.3.6.1.5.5.7.3.3 Code Signing

Exclude leaf cert:
  0907d8af90186095efbf55320d4b6b5eeea339da
Full chain:
  c79bc192ffd7f2de77e372cdcf1e0edc6b8d3f4a
  Issuer: E=Info@izenpe.com, CN=Izenpe.com, L=Avda del Mediterraneo Etorbidea 3 - 01010 Vitoria-Gasteiz, O=IZENPE S.A. - CIF A-01337260-RMerc.Vitoria-Gasteiz T1055 F62 S8, C=ES
  NotBefore: 1/30/2003 7:00 PM
  NotAfter: 1/30/2018 7:00 PM
  Subject: E=Info@izenpe.com, CN=Izenpe.com, L=Avda del Mediterraneo Etorbidea 3 - 01010 Vitoria-Gasteiz, O=IZENPE S.A. - CIF A-01337260-RMerc.Vitoria-Gasteiz T1055 F62 S8, C=ES
  Serial: 01
  c79bc192ffd7f2de77e372cdcf1e0edc6b8d3f4a
A required certificate is not within its validity period when verifying against the current system clock or the timestamp in the signed file. 0x800b0101 (-2146762495 CERT_E_EXPIRED)
------------------------------------
Expired certificate
Cert is a CA certificate
Cannot check leaf certificate revocation status
CertUtil: -verify command completed successfully.
