Issuer:
    CN=Autoridade Certificadora Raiz Brasileira v5
    OU=Instituto Nacional de Tecnologia da Informacao - ITI
    O=ICP-Brasil
    C=BR
  Name Hash(sha1): 37423ab587cfd7b89d90e609b0655d92bbf8b0d4
  Name Hash(md5): 6db411d7f5e192528c47ef702d905620
Subject:
    CN=Autoridade Certificadora Raiz Brasileira v5
    OU=Instituto Nacional de Tecnologia da Informacao - ITI
    O=ICP-Brasil
    C=BR
  Name Hash(sha1): 37423ab587cfd7b89d90e609b0655d92bbf8b0d4
  Name Hash(md5): 6db411d7f5e192528c47ef702d905620
Cert Serial Number: 01

dwFlags = CA_VERIFY_FLAGS_CONSOLE_TRACE (0x20000000)
dwFlags = CA_VERIFY_FLAGS_DUMP_CHAIN (0x40000000)
Application[0] = 1.3.6.1.5.5.7.3.1 Server Authentication
ChainFlags = CERT_CHAIN_REVOCATION_CHECK_CHAIN_EXCLUDE_ROOT (0x40000000)
HCCE_LOCAL_MACHINE
CERT_CHAIN_POLICY_BASE
-------- CERT_CHAIN_CONTEXT --------
ChainContext.dwInfoStatus = CERT_TRUST_HAS_PREFERRED_ISSUER (0x100)
ChainContext.dwErrorStatus = CERT_TRUST_IS_NOT_VALID_FOR_USAGE (0x10)

SimpleChain.dwInfoStatus = CERT_TRUST_HAS_PREFERRED_ISSUER (0x100)
SimpleChain.dwErrorStatus = CERT_TRUST_IS_NOT_VALID_FOR_USAGE (0x10)

CertContext[0][0]: dwInfoStatus=10a dwErrorStatus=10
  Issuer: CN=Autoridade Certificadora Raiz Brasileira v5, OU=Instituto Nacional de Tecnologia da Informacao - ITI, O=ICP-Brasil, C=BR
  NotBefore: 3/2/2016 9:01 AM
  NotAfter: 3/2/2029 7:59 PM
  Subject: CN=Autoridade Certificadora Raiz Brasileira v5, OU=Instituto Nacional de Tecnologia da Informacao - ITI, O=ICP-Brasil, C=BR
  Serial: 01
  66ccb8441c80914be6ac7bba4fbf744bb1daca4a
  Element.dwInfoStatus = CERT_TRUST_HAS_KEY_MATCH_ISSUER (0x2)
  Element.dwInfoStatus = CERT_TRUST_IS_SELF_SIGNED (0x8)
  Element.dwInfoStatus = CERT_TRUST_HAS_PREFERRED_ISSUER (0x100)
  Element.dwErrorStatus = CERT_TRUST_IS_NOT_VALID_FOR_USAGE (0x10)
  Issuance[0] = 2.16.76.1.1.0 
  Application[0] = 1.3.6.1.5.5.7.3.8 Time Stamping
  Application[1] = 1.3.6.1.4.1.311.10.3.12 Document Signing
  Application[2] = 1.3.6.1.5.5.7.3.2 Client Authentication
  Application[3] = 1.3.6.1.5.5.7.3.4 Secure Email

Exclude leaf cert:
  0907d8af90186095efbf55320d4b6b5eeea339da
Full chain:
  66ccb8441c80914be6ac7bba4fbf744bb1daca4a
  Issuer: CN=Autoridade Certificadora Raiz Brasileira v5, OU=Instituto Nacional de Tecnologia da Informacao - ITI, O=ICP-Brasil, C=BR
  NotBefore: 3/2/2016 9:01 AM
  NotAfter: 3/2/2029 7:59 PM
  Subject: CN=Autoridade Certificadora Raiz Brasileira v5, OU=Instituto Nacional de Tecnologia da Informacao - ITI, O=ICP-Brasil, C=BR
  Serial: 01
  66ccb8441c80914be6ac7bba4fbf744bb1daca4a
The certificate is not valid for the requested usage. 0x800b0110 (-2146762480 CERT_E_WRONG_USAGE)
------------------------------------
CertUtil: -verify command FAILED: 0x800b0110 (-2146762480 CERT_E_WRONG_USAGE)
CertUtil: The certificate is not valid for the requested usage.
