Issuer:
    CN=AdminCA-CD-T01
    OU=Certification Authorities
    OU=Services
    O=admin
    C=CH
  Name Hash(sha1): 4cc45350d3de705c4804029abf28cebffafca450
  Name Hash(md5): c089542e5bd1bb5513fd793ba0227f8c
Subject:
    CN=AdminCA-CD-T01
    OU=Certification Authorities
    OU=Services
    O=admin
    C=CH
  Name Hash(sha1): 4cc45350d3de705c4804029abf28cebffafca450
  Name Hash(md5): c089542e5bd1bb5513fd793ba0227f8c
Cert Serial Number: 01

dwFlags = CA_VERIFY_FLAGS_CONSOLE_TRACE (0x20000000)
dwFlags = CA_VERIFY_FLAGS_DUMP_CHAIN (0x40000000)
Application[0] = 1.3.6.1.5.5.7.3.1 Server Authentication
ChainFlags = CERT_CHAIN_REVOCATION_CHECK_CHAIN_EXCLUDE_ROOT (0x40000000)
HCCE_LOCAL_MACHINE
CERT_CHAIN_POLICY_BASE
-------- CERT_CHAIN_CONTEXT --------
ChainContext.dwInfoStatus = CERT_TRUST_HAS_PREFERRED_ISSUER (0x100)
ChainContext.dwErrorStatus = CERT_TRUST_IS_NOT_TIME_VALID (0x1)

SimpleChain.dwInfoStatus = CERT_TRUST_HAS_PREFERRED_ISSUER (0x100)
SimpleChain.dwErrorStatus = CERT_TRUST_IS_NOT_TIME_VALID (0x1)

CertContext[0][0]: dwInfoStatus=10c dwErrorStatus=1
  Issuer: CN=AdminCA-CD-T01, OU=Certification Authorities, OU=Services, O=admin, C=CH
  NotBefore: 1/25/2006 9:36 AM
  NotAfter: 1/25/2016 8:36 AM
  Subject: CN=AdminCA-CD-T01, OU=Certification Authorities, OU=Services, O=admin, C=CH
  Serial: 01
  167528b60dfd69beff00f8a074f4dd5c6a44816b
  Element.dwInfoStatus = CERT_TRUST_HAS_NAME_MATCH_ISSUER (0x4)
  Element.dwInfoStatus = CERT_TRUST_IS_SELF_SIGNED (0x8)
  Element.dwInfoStatus = CERT_TRUST_HAS_PREFERRED_ISSUER (0x100)
  Element.dwErrorStatus = CERT_TRUST_IS_NOT_TIME_VALID (0x1)
  Issuance[0] = 2.16.756.1.17.3.21.1 
  Application[0] = 1.3.6.1.5.5.7.3.1 Server Authentication
  Application[1] = 1.3.6.1.5.5.7.3.2 Client Authentication
  Application[2] = 1.3.6.1.5.5.7.3.3 Code Signing
  Application[3] = 1.3.6.1.5.5.7.3.4 Secure Email
  Application[4] = 1.3.6.1.5.5.7.3.8 Time Stamping
  Application[5] = 1.3.6.1.5.5.7.3.9 OCSP Signing
  Application[6] = 1.3.6.1.4.1.311.10.3.4 Encrypting File System
  Application[7] = 1.3.6.1.5.5.7.3.6 IP security tunnel termination
  Application[8] = 1.3.6.1.5.5.7.3.7 IP security user
  Application[9] = 1.3.6.1.5.5.8.2.2 IP security IKE intermediate

Exclude leaf cert:
  0907d8af90186095efbf55320d4b6b5eeea339da
Full chain:
  167528b60dfd69beff00f8a074f4dd5c6a44816b
  Issuer: CN=AdminCA-CD-T01, OU=Certification Authorities, OU=Services, O=admin, C=CH
  NotBefore: 1/25/2006 9:36 AM
  NotAfter: 1/25/2016 8:36 AM
  Subject: CN=AdminCA-CD-T01, OU=Certification Authorities, OU=Services, O=admin, C=CH
  Serial: 01
  167528b60dfd69beff00f8a074f4dd5c6a44816b
A required certificate is not within its validity period when verifying against the current system clock or the timestamp in the signed file. 0x800b0101 (-2146762495 CERT_E_EXPIRED)
------------------------------------
Expired certificate
Cert is a CA certificate
Cannot check leaf certificate revocation status
CertUtil: -verify command completed successfully.
