Issuer:
    CN=Class 2 Primary CA
    O=Certplus
    C=FR
  Name Hash(sha1): 23c54e70be95b2f5713854185933b5f2ab89c536
  Name Hash(md5): e61fb517d4c38160e1fefa6c8aed8281
Subject:
    CN=Class 2 Primary CA
    O=Certplus
    C=FR
  Name Hash(sha1): 23c54e70be95b2f5713854185933b5f2ab89c536
  Name Hash(md5): e61fb517d4c38160e1fefa6c8aed8281
Cert Serial Number: 85bd4bf3d8dae369f694d75fc3a54423

dwFlags = CA_VERIFY_FLAGS_CONSOLE_TRACE (0x20000000)
dwFlags = CA_VERIFY_FLAGS_DUMP_CHAIN (0x40000000)
Application[0] = 1.3.6.1.5.5.7.3.1 Server Authentication
ChainFlags = CERT_CHAIN_REVOCATION_CHECK_CHAIN_EXCLUDE_ROOT (0x40000000)
HCCE_LOCAL_MACHINE
CERT_CHAIN_POLICY_BASE
-------- CERT_CHAIN_CONTEXT --------
ChainContext.dwInfoStatus = CERT_TRUST_HAS_PREFERRED_ISSUER (0x100)
ChainContext.dwErrorStatus = CERT_TRUST_IS_NOT_TIME_VALID (0x1)

SimpleChain.dwInfoStatus = CERT_TRUST_HAS_PREFERRED_ISSUER (0x100)
SimpleChain.dwErrorStatus = CERT_TRUST_IS_NOT_TIME_VALID (0x1)

CertContext[0][0]: dwInfoStatus=10c dwErrorStatus=1
  Issuer: CN=Class 2 Primary CA, O=Certplus, C=FR
  NotBefore: 7/7/1999 1:05 PM
  NotAfter: 7/6/2019 7:59 PM
  Subject: CN=Class 2 Primary CA, O=Certplus, C=FR
  Serial: 85bd4bf3d8dae369f694d75fc3a54423
  bbe29281c28d1023d83179ec92dd9c7241742074
  Element.dwInfoStatus = CERT_TRUST_HAS_NAME_MATCH_ISSUER (0x4)
  Element.dwInfoStatus = CERT_TRUST_IS_SELF_SIGNED (0x8)
  Element.dwInfoStatus = CERT_TRUST_HAS_PREFERRED_ISSUER (0x100)
  Element.dwErrorStatus = CERT_TRUST_IS_NOT_TIME_VALID (0x1)
  Application[0] = 1.3.6.1.5.5.7.3.4 Secure Email
  Application[1] = 1.3.6.1.5.5.7.3.1 Server Authentication
  Application[2] = 1.3.6.1.5.5.7.3.2 Client Authentication
  Application[3] = 1.3.6.1.5.5.7.3.8 Time Stamping

Exclude leaf cert:
  0907d8af90186095efbf55320d4b6b5eeea339da
Full chain:
  bbe29281c28d1023d83179ec92dd9c7241742074
  Issuer: CN=Class 2 Primary CA, O=Certplus, C=FR
  NotBefore: 7/7/1999 1:05 PM
  NotAfter: 7/6/2019 7:59 PM
  Subject: CN=Class 2 Primary CA, O=Certplus, C=FR
  Serial: 85bd4bf3d8dae369f694d75fc3a54423
  bbe29281c28d1023d83179ec92dd9c7241742074
A required certificate is not within its validity period when verifying against the current system clock or the timestamp in the signed file. 0x800b0101 (-2146762495 CERT_E_EXPIRED)
------------------------------------
Expired certificate
Cert is a CA certificate

ERROR: Verifying leaf certificate revocation status returned The revocation function was unable to check revocation because the revocation server was offline. 0x80092013 (-2146885613 CRYPT_E_REVOCATION_OFFLINE)
CertUtil: The revocation function was unable to check revocation because the revocation server was offline.

CertUtil: -verify command completed successfully.
