Issuer:
    OU=ApplicationCA
    O=Japanese Government
    C=JP
  Name Hash(sha1): eebbd0de35b13219dc108924953426ee926c4614
  Name Hash(md5): d784c0fa19fff9ca15eb03b1d1943440
Subject:
    OU=ApplicationCA
    O=Japanese Government
    C=JP
  Name Hash(sha1): eebbd0de35b13219dc108924953426ee926c4614
  Name Hash(md5): d784c0fa19fff9ca15eb03b1d1943440
Cert Serial Number: 31

dwFlags = CA_VERIFY_FLAGS_CONSOLE_TRACE (0x20000000)
dwFlags = CA_VERIFY_FLAGS_DUMP_CHAIN (0x40000000)
Application[0] = 1.3.6.1.5.5.7.3.1 Server Authentication
ChainFlags = CERT_CHAIN_REVOCATION_CHECK_CHAIN_EXCLUDE_ROOT (0x40000000)
HCCE_LOCAL_MACHINE
CERT_CHAIN_POLICY_BASE
-------- CERT_CHAIN_CONTEXT --------
ChainContext.dwInfoStatus = CERT_TRUST_HAS_PREFERRED_ISSUER (0x100)
ChainContext.dwErrorStatus = CERT_TRUST_IS_NOT_TIME_VALID (0x1)

SimpleChain.dwInfoStatus = CERT_TRUST_HAS_PREFERRED_ISSUER (0x100)
SimpleChain.dwErrorStatus = CERT_TRUST_IS_NOT_TIME_VALID (0x1)

CertContext[0][0]: dwInfoStatus=10c dwErrorStatus=1
  Issuer: OU=ApplicationCA, O=Japanese Government, C=JP
  NotBefore: 12/12/2007 11:00 AM
  NotAfter: 12/12/2017 11:00 AM
  Subject: OU=ApplicationCA, O=Japanese Government, C=JP
  Serial: 31
  SubjectAltName: Directory Address:OU=????????CA, O=?????, C=JP
  74fc35d38c8dc8470f36f3666a8751d0cfb08a7f
  Element.dwInfoStatus = CERT_TRUST_HAS_NAME_MATCH_ISSUER (0x4)
  Element.dwInfoStatus = CERT_TRUST_IS_SELF_SIGNED (0x8)
  Element.dwInfoStatus = CERT_TRUST_HAS_PREFERRED_ISSUER (0x100)
  Element.dwErrorStatus = CERT_TRUST_IS_NOT_TIME_VALID (0x1)
  Application[0] = 1.3.6.1.5.5.7.3.1 Server Authentication
  Application[1] = 1.3.6.1.5.5.7.3.2 Client Authentication
  Application[2] = 1.3.6.1.5.5.7.3.3 Code Signing
  Application[3] = 1.3.6.1.5.5.7.3.4 Secure Email
  Application[4] = 1.3.6.1.5.5.7.3.8 Time Stamping
  Application[5] = 1.3.6.1.5.5.7.3.9 OCSP Signing

Exclude leaf cert:
  0907d8af90186095efbf55320d4b6b5eeea339da
Full chain:
  74fc35d38c8dc8470f36f3666a8751d0cfb08a7f
  Issuer: OU=ApplicationCA, O=Japanese Government, C=JP
  NotBefore: 12/12/2007 11:00 AM
  NotAfter: 12/12/2017 11:00 AM
  Subject: OU=ApplicationCA, O=Japanese Government, C=JP
  Serial: 31
  SubjectAltName: Directory Address:OU=????????CA, O=?????, C=JP
  74fc35d38c8dc8470f36f3666a8751d0cfb08a7f
A required certificate is not within its validity period when verifying against the current system clock or the timestamp in the signed file. 0x800b0101 (-2146762495 CERT_E_EXPIRED)
------------------------------------
Expired certificate
Cert is a CA certificate
Cannot check leaf certificate revocation status
CertUtil: -verify command completed successfully.
