Issuer:
    CN=Halcom CA PO 2
    O=Halcom
    C=SI
  Name Hash(sha1): 212bbcc6f601bb3bcac52cd6a6d83d6de7ec3c6d
  Name Hash(md5): 713ef3eba2f92be869b7077327dad535
Subject:
    CN=Halcom CA PO 2
    O=Halcom
    C=SI
  Name Hash(sha1): 212bbcc6f601bb3bcac52cd6a6d83d6de7ec3c6d
  Name Hash(md5): 713ef3eba2f92be869b7077327dad535
Cert Serial Number: 0134e2

dwFlags = CA_VERIFY_FLAGS_CONSOLE_TRACE (0x20000000)
dwFlags = CA_VERIFY_FLAGS_DUMP_CHAIN (0x40000000)
Application[0] = 1.3.6.1.5.5.7.3.1 Server Authentication
ChainFlags = CERT_CHAIN_REVOCATION_CHECK_CHAIN_EXCLUDE_ROOT (0x40000000)
HCCE_LOCAL_MACHINE
CERT_CHAIN_POLICY_BASE
-------- CERT_CHAIN_CONTEXT --------
ChainContext.dwInfoStatus = CERT_TRUST_HAS_PREFERRED_ISSUER (0x100)
ChainContext.dwErrorStatus = CERT_TRUST_IS_NOT_TIME_VALID (0x1)

SimpleChain.dwInfoStatus = CERT_TRUST_HAS_PREFERRED_ISSUER (0x100)
SimpleChain.dwErrorStatus = CERT_TRUST_IS_NOT_TIME_VALID (0x1)

CertContext[0][0]: dwInfoStatus=10c dwErrorStatus=1
  Issuer: CN=Halcom CA PO 2, O=Halcom, C=SI
  NotBefore: 2/7/2004 2:33 PM
  NotAfter: 2/7/2019 2:33 PM
  Subject: CN=Halcom CA PO 2, O=Halcom, C=SI
  Serial: 0134e2
  9c82c0c607d01002d56fafda38b40a7ecd6abb7f
  Element.dwInfoStatus = CERT_TRUST_HAS_NAME_MATCH_ISSUER (0x4)
  Element.dwInfoStatus = CERT_TRUST_IS_SELF_SIGNED (0x8)
  Element.dwInfoStatus = CERT_TRUST_HAS_PREFERRED_ISSUER (0x100)
  Element.dwErrorStatus = CERT_TRUST_IS_NOT_TIME_VALID (0x1)
  Application[0] = 1.3.6.1.5.5.7.3.1 Server Authentication
  Application[1] = 1.3.6.1.5.5.7.3.2 Client Authentication
  Application[2] = 1.3.6.1.5.5.7.3.3 Code Signing
  Application[3] = 1.3.6.1.5.5.7.3.4 Secure Email
  Application[4] = 1.3.6.1.5.5.7.3.6 IP security tunnel termination
  Application[5] = 1.3.6.1.5.5.7.3.7 IP security user
  Application[6] = 1.3.6.1.5.5.8.2.2 IP security IKE intermediate
  Application[7] = 1.3.6.1.5.5.7.3.8 Time Stamping
  Application[8] = 1.3.6.1.4.1.311.10.3.4 Encrypting File System
  Application[9] = 1.3.6.1.4.1.311.10.3.12 Document Signing
  Application[10] = 1.3.6.1.5.5.7.3.9 OCSP Signing

Exclude leaf cert:
  0907d8af90186095efbf55320d4b6b5eeea339da
Full chain:
  9c82c0c607d01002d56fafda38b40a7ecd6abb7f
  Issuer: CN=Halcom CA PO 2, O=Halcom, C=SI
  NotBefore: 2/7/2004 2:33 PM
  NotAfter: 2/7/2019 2:33 PM
  Subject: CN=Halcom CA PO 2, O=Halcom, C=SI
  Serial: 0134e2
  9c82c0c607d01002d56fafda38b40a7ecd6abb7f
A required certificate is not within its validity period when verifying against the current system clock or the timestamp in the signed file. 0x800b0101 (-2146762495 CERT_E_EXPIRED)
------------------------------------
Expired certificate
Cert is a CA certificate
Cannot check leaf certificate revocation status
CertUtil: -verify command completed successfully.
