Issuer:
    CN=TC TrustCenter Class 3 CA II
    OU=TC TrustCenter Class 3 CA
    O=TC TrustCenter GmbH
    C=DE
  Name Hash(sha1): 7f0a92fae4461efe133c56bc81b670bf44700326
  Name Hash(md5): 661e487af35ea6f4c387f4a4be2fa0cf
Subject:
    CN=TC TrustCenter Class 3 CA II
    OU=TC TrustCenter Class 3 CA
    O=TC TrustCenter GmbH
    C=DE
  Name Hash(sha1): 7f0a92fae4461efe133c56bc81b670bf44700326
  Name Hash(md5): 661e487af35ea6f4c387f4a4be2fa0cf
Cert Serial Number: 4a4700010002e5a05dd63f0051bf

dwFlags = CA_VERIFY_FLAGS_CONSOLE_TRACE (0x20000000)
dwFlags = CA_VERIFY_FLAGS_DUMP_CHAIN (0x40000000)
Application[0] = 1.3.6.1.5.5.7.3.1 Server Authentication
ChainFlags = CERT_CHAIN_REVOCATION_CHECK_CHAIN_EXCLUDE_ROOT (0x40000000)
HCCE_LOCAL_MACHINE
CERT_CHAIN_POLICY_BASE
-------- CERT_CHAIN_CONTEXT --------
ChainContext.dwInfoStatus = CERT_TRUST_HAS_PREFERRED_ISSUER (0x100)
ChainContext.dwErrorStatus = CERT_TRUST_IS_NOT_VALID_FOR_USAGE (0x10)

SimpleChain.dwInfoStatus = CERT_TRUST_HAS_PREFERRED_ISSUER (0x100)
SimpleChain.dwErrorStatus = CERT_TRUST_IS_NOT_VALID_FOR_USAGE (0x10)

CertContext[0][0]: dwInfoStatus=10c dwErrorStatus=10
  Issuer: CN=TC TrustCenter Class 3 CA II, OU=TC TrustCenter Class 3 CA, O=TC TrustCenter GmbH, C=DE
  NotBefore: 1/12/2006 10:41 AM
  NotAfter: 12/31/2025 6:59 PM
  Subject: CN=TC TrustCenter Class 3 CA II, OU=TC TrustCenter Class 3 CA, O=TC TrustCenter GmbH, C=DE
  Serial: 4a4700010002e5a05dd63f0051bf
  f5db6a8d8a3b40fe84652472d4c8706ef4ef2580
  Element.dwInfoStatus = CERT_TRUST_HAS_NAME_MATCH_ISSUER (0x4)
  Element.dwInfoStatus = CERT_TRUST_IS_SELF_SIGNED (0x8)
  Element.dwInfoStatus = CERT_TRUST_HAS_PREFERRED_ISSUER (0x100)
  Element.dwErrorStatus = CERT_TRUST_IS_NOT_VALID_FOR_USAGE (0x10)
  Application[0] = 1.3.6.1.5.5.7.3.2 Client Authentication
  Application[1] = 1.3.6.1.5.5.7.3.4 Secure Email
  Application[2] = 1.3.6.1.5.5.7.3.8 Time Stamping

Exclude leaf cert:
  0907d8af90186095efbf55320d4b6b5eeea339da
Full chain:
  f5db6a8d8a3b40fe84652472d4c8706ef4ef2580
  Issuer: CN=TC TrustCenter Class 3 CA II, OU=TC TrustCenter Class 3 CA, O=TC TrustCenter GmbH, C=DE
  NotBefore: 1/12/2006 10:41 AM
  NotAfter: 12/31/2025 6:59 PM
  Subject: CN=TC TrustCenter Class 3 CA II, OU=TC TrustCenter Class 3 CA, O=TC TrustCenter GmbH, C=DE
  Serial: 4a4700010002e5a05dd63f0051bf
  f5db6a8d8a3b40fe84652472d4c8706ef4ef2580
The certificate is not valid for the requested usage. 0x800b0110 (-2146762480 CERT_E_WRONG_USAGE)
------------------------------------
CertUtil: -verify command FAILED: 0x800b0110 (-2146762480 CERT_E_WRONG_USAGE)
CertUtil: The certificate is not valid for the requested usage.
