Issuer:
    CN=ADOCA02
    OU=CAs
    OU=PKI
    OU=DoD
    O=GOV
    C=AU
  Name Hash(sha1): 324e970e6e1e04572590b04f1134de78368c54bc
  Name Hash(md5): 12716f019bc7cbbcded5cef38b2874ea
Subject:
    CN=ADOCA02
    OU=CAs
    OU=PKI
    OU=DoD
    O=GOV
    C=AU
  Name Hash(sha1): 324e970e6e1e04572590b04f1134de78368c54bc
  Name Hash(md5): 12716f019bc7cbbcded5cef38b2874ea
Cert Serial Number: 0715

dwFlags = CA_VERIFY_FLAGS_CONSOLE_TRACE (0x20000000)
dwFlags = CA_VERIFY_FLAGS_DUMP_CHAIN (0x40000000)
Application[0] = 1.3.6.1.5.5.7.3.1 Server Authentication
ChainFlags = CERT_CHAIN_REVOCATION_CHECK_CHAIN_EXCLUDE_ROOT (0x40000000)
HCCE_LOCAL_MACHINE
CERT_CHAIN_POLICY_BASE
-------- CERT_CHAIN_CONTEXT --------
ChainContext.dwInfoStatus = CERT_TRUST_HAS_PREFERRED_ISSUER (0x100)
ChainContext.dwErrorStatus = CERT_TRUST_IS_NOT_TIME_VALID (0x1)

SimpleChain.dwInfoStatus = CERT_TRUST_HAS_PREFERRED_ISSUER (0x100)
SimpleChain.dwErrorStatus = CERT_TRUST_IS_NOT_TIME_VALID (0x1)

CertContext[0][0]: dwInfoStatus=10a dwErrorStatus=1
  Issuer: CN=ADOCA02, OU=CAs, OU=PKI, OU=DoD, O=GOV, C=AU
  NotBefore: 9/1/2011 12:26 AM
  NotAfter: 1/26/2019 10:31 PM
  Subject: CN=ADOCA02, OU=CAs, OU=PKI, OU=DoD, O=GOV, C=AU
  Serial: 0715
  02fe339974f202a9e00aaac80d3ae7e29f9d4284
  Element.dwInfoStatus = CERT_TRUST_HAS_KEY_MATCH_ISSUER (0x2)
  Element.dwInfoStatus = CERT_TRUST_IS_SELF_SIGNED (0x8)
  Element.dwInfoStatus = CERT_TRUST_HAS_PREFERRED_ISSUER (0x100)
  Element.dwErrorStatus = CERT_TRUST_IS_NOT_TIME_VALID (0x1)
  Application[0] = 1.3.6.1.5.5.7.3.1 Server Authentication
  Application[1] = 1.3.6.1.5.5.7.3.2 Client Authentication
  Application[2] = 1.3.6.1.5.5.7.3.4 Secure Email
  Application[3] = 1.3.6.1.5.5.7.3.3 Code Signing

Exclude leaf cert:
  0907d8af90186095efbf55320d4b6b5eeea339da
Full chain:
  02fe339974f202a9e00aaac80d3ae7e29f9d4284
  Issuer: CN=ADOCA02, OU=CAs, OU=PKI, OU=DoD, O=GOV, C=AU
  NotBefore: 9/1/2011 12:26 AM
  NotAfter: 1/26/2019 10:31 PM
  Subject: CN=ADOCA02, OU=CAs, OU=PKI, OU=DoD, O=GOV, C=AU
  Serial: 0715
  02fe339974f202a9e00aaac80d3ae7e29f9d4284
A required certificate is not within its validity period when verifying against the current system clock or the timestamp in the signed file. 0x800b0101 (-2146762495 CERT_E_EXPIRED)
------------------------------------
Expired certificate
Cert is a CA certificate
Cannot check leaf certificate revocation status
CertUtil: -verify command completed successfully.
