Issuer:
    C=TR
    O=EBG Bilisim Teknolojileri ve Hizmetleri A.S.
    CN=EBG Elektronik Sertifika Hizmet Saglayicisi
  Name Hash(sha1): 4c9d226c0809549ae952e0dc889157460aaafd2c
  Name Hash(md5): f6c70cf8f93d3b237b27a3098939f5bc
Subject:
    C=TR
    O=EBG Bilisim Teknolojileri ve Hizmetleri A.S.
    CN=EBG Elektronik Sertifika Hizmet Saglayicisi
  Name Hash(sha1): 4c9d226c0809549ae952e0dc889157460aaafd2c
  Name Hash(md5): f6c70cf8f93d3b237b27a3098939f5bc
Cert Serial Number: 4caf73421c8e7402

dwFlags = CA_VERIFY_FLAGS_CONSOLE_TRACE (0x20000000)
dwFlags = CA_VERIFY_FLAGS_DUMP_CHAIN (0x40000000)
Application[0] = 1.3.6.1.5.5.7.3.1 Server Authentication
ChainFlags = CERT_CHAIN_REVOCATION_CHECK_CHAIN_EXCLUDE_ROOT (0x40000000)
HCCE_LOCAL_MACHINE
CERT_CHAIN_POLICY_BASE
-------- CERT_CHAIN_CONTEXT --------
ChainContext.dwInfoStatus = CERT_TRUST_HAS_PREFERRED_ISSUER (0x100)
ChainContext.dwErrorStatus = CERT_TRUST_IS_NOT_TIME_VALID (0x1)
ChainContext.dwErrorStatus = CERT_TRUST_IS_REVOKED (0x4)
ChainContext.dwErrorStatus = CERT_TRUST_IS_UNTRUSTED_ROOT (0x20)
ChainContext.dwErrorStatus = CERT_TRUST_IS_EXPLICIT_DISTRUST (0x4000000)
ChainContext.dwRevocationFreshnessTime: 0s

SimpleChain.dwInfoStatus = CERT_TRUST_HAS_PREFERRED_ISSUER (0x100)
SimpleChain.dwErrorStatus = CERT_TRUST_IS_NOT_TIME_VALID (0x1)
SimpleChain.dwErrorStatus = CERT_TRUST_IS_REVOKED (0x4)
SimpleChain.dwErrorStatus = CERT_TRUST_IS_UNTRUSTED_ROOT (0x20)
SimpleChain.dwErrorStatus = CERT_TRUST_IS_EXPLICIT_DISTRUST (0x4000000)
SimpleChain.dwRevocationFreshnessTime: 0s

CertContext[0][0]: dwInfoStatus=10a dwErrorStatus=4000025
  Issuer: C=TR, O=EBG Bilisim Teknolojileri ve Hizmetleri A.S., CN=EBG Elektronik Sertifika Hizmet Saglayicisi
  NotBefore: 8/16/2006 8:21 PM
  NotAfter: 8/13/2016 8:31 PM
  Subject: C=TR, O=EBG Bilisim Teknolojileri ve Hizmetleri A.S., CN=EBG Elektronik Sertifika Hizmet Saglayicisi
  Serial: 4caf73421c8e7402
  58ae7c6e98f3a0663230ee4807072bddebba968c
  Element.dwInfoStatus = CERT_TRUST_HAS_KEY_MATCH_ISSUER (0x2)
  Element.dwInfoStatus = CERT_TRUST_IS_SELF_SIGNED (0x8)
  Element.dwInfoStatus = CERT_TRUST_HAS_PREFERRED_ISSUER (0x100)
  Element.dwErrorStatus = CERT_TRUST_IS_NOT_TIME_VALID (0x1)
  Element.dwErrorStatus = CERT_TRUST_IS_REVOKED (0x4)
  Element.dwErrorStatus = CERT_TRUST_IS_UNTRUSTED_ROOT (0x20)
  Element.dwErrorStatus = CERT_TRUST_IS_EXPLICIT_DISTRUST (0x4000000)

Exclude leaf cert:
  0907d8af90186095efbf55320d4b6b5eeea339da
Full chain:
  58ae7c6e98f3a0663230ee4807072bddebba968c
  Issuer: C=TR, O=EBG Bilisim Teknolojileri ve Hizmetleri A.S., CN=EBG Elektronik Sertifika Hizmet Saglayicisi
  NotBefore: 8/16/2006 8:21 PM
  NotAfter: 8/13/2016 8:31 PM
  Subject: C=TR, O=EBG Bilisim Teknolojileri ve Hizmetleri A.S., CN=EBG Elektronik Sertifika Hizmet Saglayicisi
  Serial: 4caf73421c8e7402
  58ae7c6e98f3a0663230ee4807072bddebba968c
The certificate is revoked. 0x80092010 (-2146885616 CRYPT_E_REVOKED)
------------------------------------
Certificate is REVOKED
Cert is a CA certificate
Cannot check leaf certificate revocation status
CertUtil: -verify command completed successfully.
