Issuer:
    CN=Symantec Enterprise Mobile Root for Microsoft
    O=Symantec Corporation
    C=US
  Name Hash(sha1): a4b17b528bf21ec3f32e7553cd13bb66f8bb533e
  Name Hash(md5): 2d5c4f086672f79a961516b2adcb1316
Subject:
    CN=Symantec Enterprise Mobile Root for Microsoft
    O=Symantec Corporation
    C=US
  Name Hash(sha1): a4b17b528bf21ec3f32e7553cd13bb66f8bb533e
  Name Hash(md5): 2d5c4f086672f79a961516b2adcb1316
Cert Serial Number: 0f6b552f9ebf907b0f6629a9bdf4d8ce

dwFlags = CA_VERIFY_FLAGS_CONSOLE_TRACE (0x20000000)
dwFlags = CA_VERIFY_FLAGS_DUMP_CHAIN (0x40000000)
Application[0] = 1.3.6.1.5.5.7.3.1 Server Authentication
ChainFlags = CERT_CHAIN_REVOCATION_CHECK_CHAIN_EXCLUDE_ROOT (0x40000000)
HCCE_LOCAL_MACHINE
CERT_CHAIN_POLICY_BASE
-------- CERT_CHAIN_CONTEXT --------
ChainContext.dwInfoStatus = CERT_TRUST_HAS_PREFERRED_ISSUER (0x100)
ChainContext.dwErrorStatus = CERT_TRUST_IS_NOT_VALID_FOR_USAGE (0x10)

SimpleChain.dwInfoStatus = CERT_TRUST_HAS_PREFERRED_ISSUER (0x100)
SimpleChain.dwErrorStatus = CERT_TRUST_IS_NOT_VALID_FOR_USAGE (0x10)

CertContext[0][0]: dwInfoStatus=10c dwErrorStatus=10
  Issuer: CN=Symantec Enterprise Mobile Root for Microsoft, O=Symantec Corporation, C=US
  NotBefore: 3/14/2012 8:00 PM
  NotAfter: 3/14/2032 7:59 PM
  Subject: CN=Symantec Enterprise Mobile Root for Microsoft, O=Symantec Corporation, C=US
  Serial: 0f6b552f9ebf907b0f6629a9bdf4d8ce
  SubjectAltName: Directory Address:CN=MPKI-2048-1-111
  b510ab434d506e7e5130f204e15430e1766cb492
  Element.dwInfoStatus = CERT_TRUST_HAS_NAME_MATCH_ISSUER (0x4)
  Element.dwInfoStatus = CERT_TRUST_IS_SELF_SIGNED (0x8)
  Element.dwInfoStatus = CERT_TRUST_HAS_PREFERRED_ISSUER (0x100)
  Element.dwErrorStatus = CERT_TRUST_IS_NOT_VALID_FOR_USAGE (0x10)
  Application[0] = 1.3.6.1.5.5.7.3.3 Code Signing

Exclude leaf cert:
  0907d8af90186095efbf55320d4b6b5eeea339da
Full chain:
  b510ab434d506e7e5130f204e15430e1766cb492
  Issuer: CN=Symantec Enterprise Mobile Root for Microsoft, O=Symantec Corporation, C=US
  NotBefore: 3/14/2012 8:00 PM
  NotAfter: 3/14/2032 7:59 PM
  Subject: CN=Symantec Enterprise Mobile Root for Microsoft, O=Symantec Corporation, C=US
  Serial: 0f6b552f9ebf907b0f6629a9bdf4d8ce
  SubjectAltName: Directory Address:CN=MPKI-2048-1-111
  b510ab434d506e7e5130f204e15430e1766cb492
The certificate is not valid for the requested usage. 0x800b0110 (-2146762480 CERT_E_WRONG_USAGE)
------------------------------------
CertUtil: -verify command FAILED: 0x800b0110 (-2146762480 CERT_E_WRONG_USAGE)
CertUtil: The certificate is not valid for the requested usage.
