Issuer:
    CN=CA DATEV INT 02
    O=DATEV eG
    C=DE
  Name Hash(sha1): 427f0ddfcabf3e24e1c5e5cc6814061023d26b20
  Name Hash(md5): 2cded0548975c9916b18646ba5f2d9de
Subject:
    CN=CA DATEV INT 02
    O=DATEV eG
    C=DE
  Name Hash(sha1): 427f0ddfcabf3e24e1c5e5cc6814061023d26b20
  Name Hash(md5): 2cded0548975c9916b18646ba5f2d9de
Cert Serial Number: 6a460a83f0baab9d5cd9484bb83f3359

dwFlags = CA_VERIFY_FLAGS_CONSOLE_TRACE (0x20000000)
dwFlags = CA_VERIFY_FLAGS_DUMP_CHAIN (0x40000000)
Application[0] = 1.3.6.1.5.5.7.3.1 Server Authentication
ChainFlags = CERT_CHAIN_REVOCATION_CHECK_CHAIN_EXCLUDE_ROOT (0x40000000)
HCCE_LOCAL_MACHINE
CERT_CHAIN_POLICY_BASE
-------- CERT_CHAIN_CONTEXT --------
ChainContext.dwInfoStatus = CERT_TRUST_HAS_PREFERRED_ISSUER (0x100)
ChainContext.dwErrorStatus = CERT_TRUST_IS_NOT_TIME_VALID (0x1)
ChainContext.dwErrorStatus = CERT_TRUST_IS_NOT_VALID_FOR_USAGE (0x10)

SimpleChain.dwInfoStatus = CERT_TRUST_HAS_PREFERRED_ISSUER (0x100)
SimpleChain.dwErrorStatus = CERT_TRUST_IS_NOT_TIME_VALID (0x1)
SimpleChain.dwErrorStatus = CERT_TRUST_IS_NOT_VALID_FOR_USAGE (0x10)

CertContext[0][0]: dwInfoStatus=109 dwErrorStatus=11
  Issuer: CN=CA DATEV INT 02, O=DATEV eG, C=DE
  NotBefore: 8/2/2011 2:59 AM
  NotAfter: 8/2/2019 4:59 AM
  Subject: CN=CA DATEV INT 02, O=DATEV eG, C=DE
  Serial: 6a460a83f0baab9d5cd9484bb83f3359
  60e2bbbfdf26e6520c21786a3f9461128bf4f793
  Element.dwInfoStatus = CERT_TRUST_HAS_EXACT_MATCH_ISSUER (0x1)
  Element.dwInfoStatus = CERT_TRUST_IS_SELF_SIGNED (0x8)
  Element.dwInfoStatus = CERT_TRUST_HAS_PREFERRED_ISSUER (0x100)
  Element.dwErrorStatus = CERT_TRUST_IS_NOT_TIME_VALID (0x1)
  Element.dwErrorStatus = CERT_TRUST_IS_NOT_VALID_FOR_USAGE (0x10)
  Issuance[0] = 0.4.0.2042.1.2 
  Application[0] = 1.3.6.1.5.5.7.3.2 Client Authentication
  Application[1] = 1.3.6.1.5.5.7.3.4 Secure Email
  Application[2] = 1.3.6.1.5.5.7.3.8 Time Stamping
  Application[3] = 1.3.6.1.4.1.311.10.3.4 Encrypting File System
  Application[4] = 1.3.6.1.5.5.7.3.9 OCSP Signing
  Application[5] = 1.3.6.1.4.1.311.10.3.12 Document Signing

Exclude leaf cert:
  0907d8af90186095efbf55320d4b6b5eeea339da
Full chain:
  60e2bbbfdf26e6520c21786a3f9461128bf4f793
  Issuer: CN=CA DATEV INT 02, O=DATEV eG, C=DE
  NotBefore: 8/2/2011 2:59 AM
  NotAfter: 8/2/2019 4:59 AM
  Subject: CN=CA DATEV INT 02, O=DATEV eG, C=DE
  Serial: 6a460a83f0baab9d5cd9484bb83f3359
  60e2bbbfdf26e6520c21786a3f9461128bf4f793
The certificate is not valid for the requested usage. 0x800b0110 (-2146762480 CERT_E_WRONG_USAGE)
------------------------------------
CertUtil: -verify command FAILED: 0x800b0110 (-2146762480 CERT_E_WRONG_USAGE)
CertUtil: The certificate is not valid for the requested usage.
