Issuer:
    OU=Application CA G2
    O=LGPKI
    C=JP
  Name Hash(sha1): c8070e3bb9529ed1f843feedc84f128674f0ff01
  Name Hash(md5): 0d1f50fc0629f29673922ea3b559a2ac
Subject:
    OU=Application CA G2
    O=LGPKI
    C=JP
  Name Hash(sha1): c8070e3bb9529ed1f843feedc84f128674f0ff01
  Name Hash(md5): 0d1f50fc0629f29673922ea3b559a2ac
Cert Serial Number: 31

dwFlags = CA_VERIFY_FLAGS_CONSOLE_TRACE (0x20000000)
dwFlags = CA_VERIFY_FLAGS_DUMP_CHAIN (0x40000000)
Application[0] = 1.3.6.1.5.5.7.3.1 Server Authentication
ChainFlags = CERT_CHAIN_REVOCATION_CHECK_CHAIN_EXCLUDE_ROOT (0x40000000)
HCCE_LOCAL_MACHINE
CERT_CHAIN_POLICY_BASE
-------- CERT_CHAIN_CONTEXT --------
ChainContext.dwInfoStatus = CERT_TRUST_HAS_PREFERRED_ISSUER (0x100)
ChainContext.dwErrorStatus = CERT_TRUST_IS_NOT_TIME_VALID (0x1)

SimpleChain.dwInfoStatus = CERT_TRUST_HAS_PREFERRED_ISSUER (0x100)
SimpleChain.dwErrorStatus = CERT_TRUST_IS_NOT_TIME_VALID (0x1)

CertContext[0][0]: dwInfoStatus=10a dwErrorStatus=1
  Issuer: OU=Application CA G2, O=LGPKI, C=JP
  NotBefore: 3/31/2006 11:00 AM
  NotAfter: 3/31/2016 10:59 AM
  Subject: OU=Application CA G2, O=LGPKI, C=JP
  Serial: 31
  2e583687a6916377f708ddab7b6ae313f1388396
  Element.dwInfoStatus = CERT_TRUST_HAS_KEY_MATCH_ISSUER (0x2)
  Element.dwInfoStatus = CERT_TRUST_IS_SELF_SIGNED (0x8)
  Element.dwInfoStatus = CERT_TRUST_HAS_PREFERRED_ISSUER (0x100)
  Element.dwErrorStatus = CERT_TRUST_IS_NOT_TIME_VALID (0x1)
  Application[0] = 1.3.6.1.5.5.7.3.1 Server Authentication
  Application[1] = 1.3.6.1.5.5.7.3.2 Client Authentication
  Application[2] = 1.3.6.1.5.5.7.3.4 Secure Email
  Application[3] = 1.3.6.1.5.5.7.3.3 Code Signing
  Application[4] = 1.3.6.1.5.5.7.3.8 Time Stamping
  Application[5] = 1.3.6.1.5.5.7.3.9 OCSP Signing

Exclude leaf cert:
  0907d8af90186095efbf55320d4b6b5eeea339da
Full chain:
  2e583687a6916377f708ddab7b6ae313f1388396
  Issuer: OU=Application CA G2, O=LGPKI, C=JP
  NotBefore: 3/31/2006 11:00 AM
  NotAfter: 3/31/2016 10:59 AM
  Subject: OU=Application CA G2, O=LGPKI, C=JP
  Serial: 31
  2e583687a6916377f708ddab7b6ae313f1388396
A required certificate is not within its validity period when verifying against the current system clock or the timestamp in the signed file. 0x800b0101 (-2146762495 CERT_E_EXPIRED)
------------------------------------
Expired certificate
Cert is a CA certificate

ERROR: Verifying leaf certificate revocation status returned The revocation function was unable to check revocation because the revocation server was offline. 0x80092013 (-2146885613 CRYPT_E_REVOCATION_OFFLINE)
CertUtil: The revocation function was unable to check revocation because the revocation server was offline.

CertUtil: -verify command completed successfully.
