Issuer:
    CN=GTE CyberTrust Global Root
    OU=GTE CyberTrust Solutions, Inc.
    O=GTE Corporation
    C=US
  Name Hash(sha1): 697bb4081898dfa9c6208c0fa897e2f60ee66c7e
  Name Hash(md5): 1d4d654df8262fc7e8be90f155a00b29
Subject:
    CN=GTE CyberTrust Global Root
    OU=GTE CyberTrust Solutions, Inc.
    O=GTE Corporation
    C=US
  Name Hash(sha1): 697bb4081898dfa9c6208c0fa897e2f60ee66c7e
  Name Hash(md5): 1d4d654df8262fc7e8be90f155a00b29
Cert Serial Number: 01a5

dwFlags = CA_VERIFY_FLAGS_CONSOLE_TRACE (0x20000000)
dwFlags = CA_VERIFY_FLAGS_DUMP_CHAIN (0x40000000)
Application[0] = 1.3.6.1.5.5.7.3.1 Server Authentication
ChainFlags = CERT_CHAIN_REVOCATION_CHECK_CHAIN_EXCLUDE_ROOT (0x40000000)
HCCE_LOCAL_MACHINE
CERT_CHAIN_POLICY_BASE
-------- CERT_CHAIN_CONTEXT --------
ChainContext.dwInfoStatus = CERT_TRUST_HAS_PREFERRED_ISSUER (0x100)
ChainContext.dwErrorStatus = CERT_TRUST_IS_NOT_TIME_VALID (0x1)

SimpleChain.dwInfoStatus = CERT_TRUST_HAS_PREFERRED_ISSUER (0x100)
SimpleChain.dwErrorStatus = CERT_TRUST_IS_NOT_TIME_VALID (0x1)

CertContext[0][0]: dwInfoStatus=10c dwErrorStatus=1
  Issuer: CN=GTE CyberTrust Global Root, OU="GTE CyberTrust Solutions, Inc.", O=GTE Corporation, C=US
  NotBefore: 8/12/1998 8:29 PM
  NotAfter: 8/13/2018 7:59 PM
  Subject: CN=GTE CyberTrust Global Root, OU="GTE CyberTrust Solutions, Inc.", O=GTE Corporation, C=US
  Serial: 01a5
  74f47e36314479cf09d834cc70961cd850798197
  Element.dwInfoStatus = CERT_TRUST_HAS_NAME_MATCH_ISSUER (0x4)
  Element.dwInfoStatus = CERT_TRUST_IS_SELF_SIGNED (0x8)
  Element.dwInfoStatus = CERT_TRUST_HAS_PREFERRED_ISSUER (0x100)
  Element.dwErrorStatus = CERT_TRUST_IS_NOT_TIME_VALID (0x1)
  Application[0] = 1.3.6.1.5.5.7.3.4 Secure Email
  Application[1] = 1.3.6.1.5.5.7.3.2 Client Authentication
  Application[2] = 1.3.6.1.5.5.7.3.1 Server Authentication
  Application[3] = 1.3.6.1.5.5.7.3.3 Code Signing

Exclude leaf cert:
  0907d8af90186095efbf55320d4b6b5eeea339da
Full chain:
  74f47e36314479cf09d834cc70961cd850798197
  Issuer: CN=GTE CyberTrust Global Root, OU="GTE CyberTrust Solutions, Inc.", O=GTE Corporation, C=US
  NotBefore: 8/12/1998 8:29 PM
  NotAfter: 8/13/2018 7:59 PM
  Subject: CN=GTE CyberTrust Global Root, OU="GTE CyberTrust Solutions, Inc.", O=GTE Corporation, C=US
  Serial: 01a5
  74f47e36314479cf09d834cc70961cd850798197
A required certificate is not within its validity period when verifying against the current system clock or the timestamp in the signed file. 0x800b0101 (-2146762495 CERT_E_EXPIRED)
------------------------------------
Expired certificate
Cannot check leaf certificate revocation status
CertUtil: -verify command completed successfully.
