Issuer:
    CN=esignit.org
  Name Hash(sha1): 84ccfb76efd77ff36116dafefebca27fd8f003a9
  Name Hash(md5): dfd7d414612ac50a4a5f7baee35b11f1
Subject:
    CN=esignit.org
  Name Hash(sha1): 84ccfb76efd77ff36116dafefebca27fd8f003a9
  Name Hash(md5): dfd7d414612ac50a4a5f7baee35b11f1
Cert Serial Number: 3601220470241fa94b5162a9e3639bd4

dwFlags = CA_VERIFY_FLAGS_CONSOLE_TRACE (0x20000000)
dwFlags = CA_VERIFY_FLAGS_DUMP_CHAIN (0x40000000)
Application[0] = 1.3.6.1.5.5.7.3.1 Server Authentication
ChainFlags = CERT_CHAIN_REVOCATION_CHECK_CHAIN_EXCLUDE_ROOT (0x40000000)
HCCE_LOCAL_MACHINE
CERT_CHAIN_POLICY_BASE
-------- CERT_CHAIN_CONTEXT --------
ChainContext.dwInfoStatus = CERT_TRUST_HAS_PREFERRED_ISSUER (0x100)
ChainContext.dwErrorStatus = CERT_TRUST_IS_NOT_VALID_FOR_USAGE (0x10)

SimpleChain.dwInfoStatus = CERT_TRUST_HAS_PREFERRED_ISSUER (0x100)
SimpleChain.dwErrorStatus = CERT_TRUST_IS_NOT_VALID_FOR_USAGE (0x10)

CertContext[0][0]: dwInfoStatus=10c dwErrorStatus=10
  Issuer: CN=esignit.org
  NotBefore: 6/20/2014 2:37 PM
  NotAfter: 6/20/2030 2:47 PM
  Subject: CN=esignit.org
  Serial: 3601220470241fa94b5162a9e3639bd4
  e8ed1949191b046405996624ed6487cf99e78d9f
  Element.dwInfoStatus = CERT_TRUST_HAS_NAME_MATCH_ISSUER (0x4)
  Element.dwInfoStatus = CERT_TRUST_IS_SELF_SIGNED (0x8)
  Element.dwInfoStatus = CERT_TRUST_HAS_PREFERRED_ISSUER (0x100)
  Element.dwErrorStatus = CERT_TRUST_IS_NOT_VALID_FOR_USAGE (0x10)
  Application[0] = 1.3.6.1.5.5.7.3.2 Client Authentication
  Application[1] = 1.3.6.1.4.1.311.10.3.12 Document Signing

Exclude leaf cert:
  0907d8af90186095efbf55320d4b6b5eeea339da
Full chain:
  e8ed1949191b046405996624ed6487cf99e78d9f
  Issuer: CN=esignit.org
  NotBefore: 6/20/2014 2:37 PM
  NotAfter: 6/20/2030 2:47 PM
  Subject: CN=esignit.org
  Serial: 3601220470241fa94b5162a9e3639bd4
  e8ed1949191b046405996624ed6487cf99e78d9f
The certificate is not valid for the requested usage. 0x800b0110 (-2146762480 CERT_E_WRONG_USAGE)
------------------------------------
CertUtil: -verify command FAILED: 0x800b0110 (-2146762480 CERT_E_WRONG_USAGE)
CertUtil: The certificate is not valid for the requested usage.
