Issuer:
    CN=CISRCA1
    OU=Certification Authorities
    O=Carillon Information Security Inc.
    C=CA
  Name Hash(sha1): cedc7584f02d0adfd80de555aaf0af974184f20e
  Name Hash(md5): ee38495fcaca4b8dfc32c23d83373e92
Subject:
    CN=CISRCA1
    OU=Certification Authorities
    O=Carillon Information Security Inc.
    C=CA
  Name Hash(sha1): cedc7584f02d0adfd80de555aaf0af974184f20e
  Name Hash(md5): ee38495fcaca4b8dfc32c23d83373e92
Cert Serial Number: 0b82dc943376

dwFlags = CA_VERIFY_FLAGS_CONSOLE_TRACE (0x20000000)
dwFlags = CA_VERIFY_FLAGS_DUMP_CHAIN (0x40000000)
Application[0] = 1.3.6.1.5.5.7.3.1 Server Authentication
ChainFlags = CERT_CHAIN_REVOCATION_CHECK_CHAIN_EXCLUDE_ROOT (0x40000000)
HCCE_LOCAL_MACHINE
CERT_CHAIN_POLICY_BASE
-------- CERT_CHAIN_CONTEXT --------
ChainContext.dwInfoStatus = CERT_TRUST_HAS_PREFERRED_ISSUER (0x100)
ChainContext.dwErrorStatus = CERT_TRUST_IS_NOT_VALID_FOR_USAGE (0x10)

SimpleChain.dwInfoStatus = CERT_TRUST_HAS_PREFERRED_ISSUER (0x100)
SimpleChain.dwErrorStatus = CERT_TRUST_IS_NOT_VALID_FOR_USAGE (0x10)

CertContext[0][0]: dwInfoStatus=10c dwErrorStatus=10
  Issuer: CN=CISRCA1, OU=Certification Authorities, O=Carillon Information Security Inc., C=CA
  NotBefore: 10/16/2012 2:28 PM
  NotAfter: 10/16/2032 2:28 PM
  Subject: CN=CISRCA1, OU=Certification Authorities, O=Carillon Information Security Inc., C=CA
  Serial: 0b82dc943376
  f0001cf273eb28f9713c65ff2390e5c436039ea6
  Element.dwInfoStatus = CERT_TRUST_HAS_NAME_MATCH_ISSUER (0x4)
  Element.dwInfoStatus = CERT_TRUST_IS_SELF_SIGNED (0x8)
  Element.dwInfoStatus = CERT_TRUST_HAS_PREFERRED_ISSUER (0x100)
  Element.dwErrorStatus = CERT_TRUST_IS_NOT_VALID_FOR_USAGE (0x10)
  Application[0] = 1.3.6.1.5.5.7.3.2 Client Authentication
  Application[1] = 1.3.6.1.5.5.7.3.4 Secure Email
  Application[2] = 1.3.6.1.5.5.7.3.3 Code Signing
  Application[3] = 1.3.6.1.5.5.7.3.8 Time Stamping
  Application[4] = 1.3.6.1.4.1.311.10.3.4 Encrypting File System
  Application[5] = 1.3.6.1.4.1.311.10.3.12 Document Signing

Exclude leaf cert:
  0907d8af90186095efbf55320d4b6b5eeea339da
Full chain:
  f0001cf273eb28f9713c65ff2390e5c436039ea6
  Issuer: CN=CISRCA1, OU=Certification Authorities, O=Carillon Information Security Inc., C=CA
  NotBefore: 10/16/2012 2:28 PM
  NotAfter: 10/16/2032 2:28 PM
  Subject: CN=CISRCA1, OU=Certification Authorities, O=Carillon Information Security Inc., C=CA
  Serial: 0b82dc943376
  f0001cf273eb28f9713c65ff2390e5c436039ea6
The certificate is not valid for the requested usage. 0x800b0110 (-2146762480 CERT_E_WRONG_USAGE)
------------------------------------
CertUtil: -verify command FAILED: 0x800b0110 (-2146762480 CERT_E_WRONG_USAGE)
CertUtil: The certificate is not valid for the requested usage.
