Issuer:
    CN=GeoTrust Global CA 2
    O=GeoTrust Inc.
    C=US
  Name Hash(sha1): 46aa5cc04a88681e18e6274f02bdb3d29269f36f
  Name Hash(md5): 732369577833443b5545be4782a1af71
Subject:
    CN=GeoTrust Global CA 2
    O=GeoTrust Inc.
    C=US
  Name Hash(sha1): 46aa5cc04a88681e18e6274f02bdb3d29269f36f
  Name Hash(md5): 732369577833443b5545be4782a1af71
Cert Serial Number: 01

dwFlags = CA_VERIFY_FLAGS_CONSOLE_TRACE (0x20000000)
dwFlags = CA_VERIFY_FLAGS_DUMP_CHAIN (0x40000000)
Application[0] = 1.3.6.1.5.5.7.3.1 Server Authentication
ChainFlags = CERT_CHAIN_REVOCATION_CHECK_CHAIN_EXCLUDE_ROOT (0x40000000)
HCCE_LOCAL_MACHINE
CERT_CHAIN_POLICY_BASE
-------- CERT_CHAIN_CONTEXT --------
ChainContext.dwInfoStatus = CERT_TRUST_HAS_PREFERRED_ISSUER (0x100)
ChainContext.dwErrorStatus = CERT_TRUST_IS_NOT_TIME_VALID (0x1)

SimpleChain.dwInfoStatus = CERT_TRUST_HAS_PREFERRED_ISSUER (0x100)
SimpleChain.dwErrorStatus = CERT_TRUST_IS_NOT_TIME_VALID (0x1)

CertContext[0][0]: dwInfoStatus=10a dwErrorStatus=1
  Issuer: CN=GeoTrust Global CA 2, O=GeoTrust Inc., C=US
  NotBefore: 3/4/2004 1:00 AM
  NotAfter: 3/4/2019 1:00 AM
  Subject: CN=GeoTrust Global CA 2, O=GeoTrust Inc., C=US
  Serial: 01
  7d9016602b0d2b6db01905f2885837140878e9a9
  Element.dwInfoStatus = CERT_TRUST_HAS_KEY_MATCH_ISSUER (0x2)
  Element.dwInfoStatus = CERT_TRUST_IS_SELF_SIGNED (0x8)
  Element.dwInfoStatus = CERT_TRUST_HAS_PREFERRED_ISSUER (0x100)
  Element.dwErrorStatus = CERT_TRUST_IS_NOT_TIME_VALID (0x1)
  Application[0] = 1.3.6.1.5.5.7.3.1 Server Authentication
  Application[1] = 1.3.6.1.5.5.7.3.2 Client Authentication
  Application[2] = 1.3.6.1.5.5.7.3.4 Secure Email
  Application[3] = 1.3.6.1.5.5.7.3.3 Code Signing
  Application[4] = 1.3.6.1.5.5.7.3.8 Time Stamping

Exclude leaf cert:
  0907d8af90186095efbf55320d4b6b5eeea339da
Full chain:
  7d9016602b0d2b6db01905f2885837140878e9a9
  Issuer: CN=GeoTrust Global CA 2, O=GeoTrust Inc., C=US
  NotBefore: 3/4/2004 1:00 AM
  NotAfter: 3/4/2019 1:00 AM
  Subject: CN=GeoTrust Global CA 2, O=GeoTrust Inc., C=US
  Serial: 01
  7d9016602b0d2b6db01905f2885837140878e9a9
A required certificate is not within its validity period when verifying against the current system clock or the timestamp in the signed file. 0x800b0101 (-2146762495 CERT_E_EXPIRED)
------------------------------------
Expired certificate
Cert is a CA certificate
Cannot check leaf certificate revocation status
CertUtil: -verify command completed successfully.
