Issuer:
    O=Prvni certifikacni autorita a.s.
    CN=I.CA - Standard root certificate
    C=CZ
  Name Hash(sha1): d1e23d6d56e1dd289b5f3820da6d9ed7f2bffccc
  Name Hash(md5): 2d35e04572ab4d9080fd0226bb21235f
Subject:
    O=Prvni certifikacni autorita a.s.
    CN=I.CA - Standard root certificate
    C=CZ
  Name Hash(sha1): d1e23d6d56e1dd289b5f3820da6d9ed7f2bffccc
  Name Hash(md5): 2d35e04572ab4d9080fd0226bb21235f
Cert Serial Number: 13d620

dwFlags = CA_VERIFY_FLAGS_CONSOLE_TRACE (0x20000000)
dwFlags = CA_VERIFY_FLAGS_DUMP_CHAIN (0x40000000)
Application[0] = 1.3.6.1.5.5.7.3.1 Server Authentication
ChainFlags = CERT_CHAIN_REVOCATION_CHECK_CHAIN_EXCLUDE_ROOT (0x40000000)
HCCE_LOCAL_MACHINE
CERT_CHAIN_POLICY_BASE
-------- CERT_CHAIN_CONTEXT --------
ChainContext.dwInfoStatus = CERT_TRUST_HAS_PREFERRED_ISSUER (0x100)
ChainContext.dwErrorStatus = CERT_TRUST_IS_NOT_TIME_VALID (0x1)
ChainContext.dwErrorStatus = CERT_TRUST_IS_NOT_VALID_FOR_USAGE (0x10)

SimpleChain.dwInfoStatus = CERT_TRUST_HAS_PREFERRED_ISSUER (0x100)
SimpleChain.dwErrorStatus = CERT_TRUST_IS_NOT_TIME_VALID (0x1)
SimpleChain.dwErrorStatus = CERT_TRUST_IS_NOT_VALID_FOR_USAGE (0x10)

CertContext[0][0]: dwInfoStatus=10c dwErrorStatus=11
  Issuer: O=Prvni certifikacni autorita a.s., CN=I.CA - Standard root certificate, C=CZ
  NotBefore: 3/31/2008 8:00 PM
  NotAfter: 3/31/2018 8:00 PM
  Subject: O=Prvni certifikacni autorita a.s., CN=I.CA - Standard root certificate, C=CZ
  Serial: 13d620
  b752de6f890804cf2eb6aa4bfcc0cd4e14dd16ab
  Element.dwInfoStatus = CERT_TRUST_HAS_NAME_MATCH_ISSUER (0x4)
  Element.dwInfoStatus = CERT_TRUST_IS_SELF_SIGNED (0x8)
  Element.dwInfoStatus = CERT_TRUST_HAS_PREFERRED_ISSUER (0x100)
  Element.dwErrorStatus = CERT_TRUST_IS_NOT_TIME_VALID (0x1)
  Element.dwErrorStatus = CERT_TRUST_IS_NOT_VALID_FOR_USAGE (0x10)
  Issuance[0] = 1.3.6.1.4.1.23624.1.1.0.1 
  Application[0] = 1.3.6.1.5.5.7.3.2 Client Authentication
  Application[1] = 1.3.6.1.5.5.7.3.3 Code Signing
  Application[2] = 1.3.6.1.5.5.7.3.4 Secure Email
  Application[3] = 1.3.6.1.5.5.7.3.8 Time Stamping
  Application[4] = 1.3.6.1.5.5.7.3.9 OCSP Signing

Exclude leaf cert:
  0907d8af90186095efbf55320d4b6b5eeea339da
Full chain:
  b752de6f890804cf2eb6aa4bfcc0cd4e14dd16ab
  Issuer: O=Prvni certifikacni autorita a.s., CN=I.CA - Standard root certificate, C=CZ
  NotBefore: 3/31/2008 8:00 PM
  NotAfter: 3/31/2018 8:00 PM
  Subject: O=Prvni certifikacni autorita a.s., CN=I.CA - Standard root certificate, C=CZ
  Serial: 13d620
  b752de6f890804cf2eb6aa4bfcc0cd4e14dd16ab
The certificate is not valid for the requested usage. 0x800b0110 (-2146762480 CERT_E_WRONG_USAGE)
------------------------------------
CertUtil: -verify command FAILED: 0x800b0110 (-2146762480 CERT_E_WRONG_USAGE)
CertUtil: The certificate is not valid for the requested usage.
