Issuer:
    CN=CA DATEV STD 02
    O=DATEV eG
    C=DE
  Name Hash(sha1): 7776f5f2f681d5d586144bf6f24e29058ec9de94
  Name Hash(md5): 9969a35abed4b0db0e0485c45b79e414
Subject:
    CN=CA DATEV STD 02
    O=DATEV eG
    C=DE
  Name Hash(sha1): 7776f5f2f681d5d586144bf6f24e29058ec9de94
  Name Hash(md5): 9969a35abed4b0db0e0485c45b79e414
Cert Serial Number: 54a2e495b63291181cdb99caac7d9fa5

dwFlags = CA_VERIFY_FLAGS_CONSOLE_TRACE (0x20000000)
dwFlags = CA_VERIFY_FLAGS_DUMP_CHAIN (0x40000000)
Application[0] = 1.3.6.1.5.5.7.3.1 Server Authentication
ChainFlags = CERT_CHAIN_REVOCATION_CHECK_CHAIN_EXCLUDE_ROOT (0x40000000)
HCCE_LOCAL_MACHINE
CERT_CHAIN_POLICY_BASE
-------- CERT_CHAIN_CONTEXT --------
ChainContext.dwInfoStatus = CERT_TRUST_HAS_PREFERRED_ISSUER (0x100)
ChainContext.dwErrorStatus = CERT_TRUST_IS_NOT_TIME_VALID (0x1)
ChainContext.dwErrorStatus = CERT_TRUST_IS_NOT_VALID_FOR_USAGE (0x10)

SimpleChain.dwInfoStatus = CERT_TRUST_HAS_PREFERRED_ISSUER (0x100)
SimpleChain.dwErrorStatus = CERT_TRUST_IS_NOT_TIME_VALID (0x1)
SimpleChain.dwErrorStatus = CERT_TRUST_IS_NOT_VALID_FOR_USAGE (0x10)

CertContext[0][0]: dwInfoStatus=109 dwErrorStatus=11
  Issuer: CN=CA DATEV STD 02, O=DATEV eG, C=DE
  NotBefore: 8/2/2011 2:59 AM
  NotAfter: 8/2/2019 4:59 AM
  Subject: CN=CA DATEV STD 02, O=DATEV eG, C=DE
  Serial: 54a2e495b63291181cdb99caac7d9fa5
  379c559436ecc1c6d4c2f7e3dab1543fc0589dab
  Element.dwInfoStatus = CERT_TRUST_HAS_EXACT_MATCH_ISSUER (0x1)
  Element.dwInfoStatus = CERT_TRUST_IS_SELF_SIGNED (0x8)
  Element.dwInfoStatus = CERT_TRUST_HAS_PREFERRED_ISSUER (0x100)
  Element.dwErrorStatus = CERT_TRUST_IS_NOT_TIME_VALID (0x1)
  Element.dwErrorStatus = CERT_TRUST_IS_NOT_VALID_FOR_USAGE (0x10)
  Issuance[0] = 0.4.0.2042.1.2 
  Application[0] = 1.3.6.1.5.5.7.3.2 Client Authentication
  Application[1] = 1.3.6.1.5.5.7.3.4 Secure Email
  Application[2] = 1.3.6.1.5.5.7.3.8 Time Stamping
  Application[3] = 1.3.6.1.4.1.311.10.3.4 Encrypting File System
  Application[4] = 1.3.6.1.5.5.7.3.9 OCSP Signing
  Application[5] = 1.3.6.1.4.1.311.10.3.12 Document Signing

Exclude leaf cert:
  0907d8af90186095efbf55320d4b6b5eeea339da
Full chain:
  379c559436ecc1c6d4c2f7e3dab1543fc0589dab
  Issuer: CN=CA DATEV STD 02, O=DATEV eG, C=DE
  NotBefore: 8/2/2011 2:59 AM
  NotAfter: 8/2/2019 4:59 AM
  Subject: CN=CA DATEV STD 02, O=DATEV eG, C=DE
  Serial: 54a2e495b63291181cdb99caac7d9fa5
  379c559436ecc1c6d4c2f7e3dab1543fc0589dab
The certificate is not valid for the requested usage. 0x800b0110 (-2146762480 CERT_E_WRONG_USAGE)
------------------------------------
CertUtil: -verify command FAILED: 0x800b0110 (-2146762480 CERT_E_WRONG_USAGE)
CertUtil: The certificate is not valid for the requested usage.
