Issuer:
    CN=UTN-USERFirst-Client Authentication and Email
    OU=http://www.usertrust.com
    O=The USERTRUST Network
    L=Salt Lake City
    S=UT
    C=US
  Name Hash(sha1): 57955bc9a12e848f52d0a1443c03452f9ae06711
  Name Hash(md5): 61a5c39e6f0d29cc2ded14f4d69ce160
Subject:
    CN=UTN-USERFirst-Client Authentication and Email
    OU=http://www.usertrust.com
    O=The USERTRUST Network
    L=Salt Lake City
    S=UT
    C=US
  Name Hash(sha1): 57955bc9a12e848f52d0a1443c03452f9ae06711
  Name Hash(md5): 61a5c39e6f0d29cc2ded14f4d69ce160
Cert Serial Number: 44be0c8b500024b411d336252567c989

dwFlags = CA_VERIFY_FLAGS_CONSOLE_TRACE (0x20000000)
dwFlags = CA_VERIFY_FLAGS_DUMP_CHAIN (0x40000000)
Application[0] = 1.3.6.1.5.5.7.3.1 Server Authentication
ChainFlags = CERT_CHAIN_REVOCATION_CHECK_CHAIN_EXCLUDE_ROOT (0x40000000)
HCCE_LOCAL_MACHINE
CERT_CHAIN_POLICY_BASE
-------- CERT_CHAIN_CONTEXT --------
ChainContext.dwInfoStatus = CERT_TRUST_HAS_PREFERRED_ISSUER (0x100)
ChainContext.dwErrorStatus = CERT_TRUST_IS_NOT_TIME_VALID (0x1)
ChainContext.dwErrorStatus = CERT_TRUST_IS_NOT_VALID_FOR_USAGE (0x10)

SimpleChain.dwInfoStatus = CERT_TRUST_HAS_PREFERRED_ISSUER (0x100)
SimpleChain.dwErrorStatus = CERT_TRUST_IS_NOT_TIME_VALID (0x1)
SimpleChain.dwErrorStatus = CERT_TRUST_IS_NOT_VALID_FOR_USAGE (0x10)

CertContext[0][0]: dwInfoStatus=10c dwErrorStatus=11
  Issuer: CN=UTN-USERFirst-Client Authentication and Email, OU=http://www.usertrust.com, O=The USERTRUST Network, L=Salt Lake City, S=UT, C=US
  NotBefore: 7/9/1999 1:28 PM
  NotAfter: 7/9/2019 1:36 PM
  Subject: CN=UTN-USERFirst-Client Authentication and Email, OU=http://www.usertrust.com, O=The USERTRUST Network, L=Salt Lake City, S=UT, C=US
  Serial: 44be0c8b500024b411d336252567c989
  8a7663446aea374de18702e51ff9956da5b172b1
  Element.dwInfoStatus = CERT_TRUST_HAS_NAME_MATCH_ISSUER (0x4)
  Element.dwInfoStatus = CERT_TRUST_IS_SELF_SIGNED (0x8)
  Element.dwInfoStatus = CERT_TRUST_HAS_PREFERRED_ISSUER (0x100)
  Element.dwErrorStatus = CERT_TRUST_IS_NOT_TIME_VALID (0x1)
  Element.dwErrorStatus = CERT_TRUST_IS_NOT_VALID_FOR_USAGE (0x10)
  Application[0] = 1.3.6.1.5.5.7.3.2 Client Authentication
  Application[1] = 1.3.6.1.5.5.7.3.4 Secure Email

Exclude leaf cert:
  0907d8af90186095efbf55320d4b6b5eeea339da
Full chain:
  8a7663446aea374de18702e51ff9956da5b172b1
  Issuer: CN=UTN-USERFirst-Client Authentication and Email, OU=http://www.usertrust.com, O=The USERTRUST Network, L=Salt Lake City, S=UT, C=US
  NotBefore: 7/9/1999 1:28 PM
  NotAfter: 7/9/2019 1:36 PM
  Subject: CN=UTN-USERFirst-Client Authentication and Email, OU=http://www.usertrust.com, O=The USERTRUST Network, L=Salt Lake City, S=UT, C=US
  Serial: 44be0c8b500024b411d336252567c989
  8a7663446aea374de18702e51ff9956da5b172b1
The certificate is not valid for the requested usage. 0x800b0110 (-2146762480 CERT_E_WRONG_USAGE)
------------------------------------
CertUtil: -verify command FAILED: 0x800b0110 (-2146762480 CERT_E_WRONG_USAGE)
CertUtil: The certificate is not valid for the requested usage.
