Issuer:
    CN=emSign Root CA - C2
    O=eMudhra Inc
    OU=emSign PKI
    C=US
  Name Hash(sha1): 78e9029c81a61331529d6721bea03b5cfc29fe6d
  Name Hash(md5): 4ec89f5f2e20ab48614ffa55970a055d
Subject:
    CN=emSign Root CA - C2
    O=eMudhra Inc
    OU=emSign PKI
    C=US
  Name Hash(sha1): 78e9029c81a61331529d6721bea03b5cfc29fe6d
  Name Hash(md5): 4ec89f5f2e20ab48614ffa55970a055d
Cert Serial Number: 2f0ab76b0dcb4aaf2758

dwFlags = CA_VERIFY_FLAGS_CONSOLE_TRACE (0x20000000)
dwFlags = CA_VERIFY_FLAGS_DUMP_CHAIN (0x40000000)
Application[0] = 1.3.6.1.5.5.7.3.1 Server Authentication
ChainFlags = CERT_CHAIN_REVOCATION_CHECK_CHAIN_EXCLUDE_ROOT (0x40000000)
HCCE_LOCAL_MACHINE
CERT_CHAIN_POLICY_BASE
-------- CERT_CHAIN_CONTEXT --------
ChainContext.dwInfoStatus = CERT_TRUST_HAS_PREFERRED_ISSUER (0x100)
ChainContext.dwErrorStatus = CERT_TRUST_IS_NOT_VALID_FOR_USAGE (0x10)

SimpleChain.dwInfoStatus = CERT_TRUST_HAS_PREFERRED_ISSUER (0x100)
SimpleChain.dwErrorStatus = CERT_TRUST_IS_NOT_VALID_FOR_USAGE (0x10)

CertContext[0][0]: dwInfoStatus=10c dwErrorStatus=10
  Issuer: CN=emSign Root CA - C2, O=eMudhra Inc, OU=emSign PKI, C=US
  NotBefore: 2/18/2018 2:30 PM
  NotAfter: 2/18/2043 2:30 PM
  Subject: CN=emSign Root CA - C2, O=eMudhra Inc, OU=emSign PKI, C=US
  Serial: 2f0ab76b0dcb4aaf2758
  79f452f79ea810598cc4f4167e14c3748018a2bc
  Element.dwInfoStatus = CERT_TRUST_HAS_NAME_MATCH_ISSUER (0x4)
  Element.dwInfoStatus = CERT_TRUST_IS_SELF_SIGNED (0x8)
  Element.dwInfoStatus = CERT_TRUST_HAS_PREFERRED_ISSUER (0x100)
  Element.dwErrorStatus = CERT_TRUST_IS_NOT_VALID_FOR_USAGE (0x10)
  Application[0] = 1.3.6.1.5.5.7.3.8 Time Stamping
  Application[1] = 1.3.6.1.5.5.7.3.3 Code Signing

Exclude leaf cert:
  0907d8af90186095efbf55320d4b6b5eeea339da
Full chain:
  79f452f79ea810598cc4f4167e14c3748018a2bc
  Issuer: CN=emSign Root CA - C2, O=eMudhra Inc, OU=emSign PKI, C=US
  NotBefore: 2/18/2018 2:30 PM
  NotAfter: 2/18/2043 2:30 PM
  Subject: CN=emSign Root CA - C2, O=eMudhra Inc, OU=emSign PKI, C=US
  Serial: 2f0ab76b0dcb4aaf2758
  79f452f79ea810598cc4f4167e14c3748018a2bc
The certificate is not valid for the requested usage. 0x800b0110 (-2146762480 CERT_E_WRONG_USAGE)
------------------------------------
CertUtil: -verify command FAILED: 0x800b0110 (-2146762480 CERT_E_WRONG_USAGE)
CertUtil: The certificate is not valid for the requested usage.
