Issuer:
    CN=S-TRUST Authentication and Encryption Root CA 2005:PN
    O=Deutscher Sparkassen Verlag GmbH
    L=Stuttgart
    S=Baden-Wuerttemberg (BW)
    C=DE
  Name Hash(sha1): bea7922178fffd0a3a06fdd02037353ee9df07a8
  Name Hash(md5): 3c7359f5f8b57ddd72b1791afe76a4e1
Subject:
    CN=S-TRUST Authentication and Encryption Root CA 2005:PN
    O=Deutscher Sparkassen Verlag GmbH
    L=Stuttgart
    S=Baden-Wuerttemberg (BW)
    C=DE
  Name Hash(sha1): bea7922178fffd0a3a06fdd02037353ee9df07a8
  Name Hash(md5): 3c7359f5f8b57ddd72b1791afe76a4e1
Cert Serial Number: 371918e653547c1ab5b8cb595adb35b7

dwFlags = CA_VERIFY_FLAGS_CONSOLE_TRACE (0x20000000)
dwFlags = CA_VERIFY_FLAGS_DUMP_CHAIN (0x40000000)
Application[0] = 1.3.6.1.5.5.7.3.1 Server Authentication
ChainFlags = CERT_CHAIN_REVOCATION_CHECK_CHAIN_EXCLUDE_ROOT (0x40000000)
HCCE_LOCAL_MACHINE
CERT_CHAIN_POLICY_BASE
-------- CERT_CHAIN_CONTEXT --------
ChainContext.dwInfoStatus = CERT_TRUST_HAS_PREFERRED_ISSUER (0x100)
ChainContext.dwErrorStatus = CERT_TRUST_IS_NOT_VALID_FOR_USAGE (0x10)

SimpleChain.dwInfoStatus = CERT_TRUST_HAS_PREFERRED_ISSUER (0x100)
SimpleChain.dwErrorStatus = CERT_TRUST_IS_NOT_VALID_FOR_USAGE (0x10)

CertContext[0][0]: dwInfoStatus=10a dwErrorStatus=10
  Issuer: CN=S-TRUST Authentication and Encryption Root CA 2005:PN, O=Deutscher Sparkassen Verlag GmbH, L=Stuttgart, S=Baden-Wuerttemberg (BW), C=DE
  NotBefore: 6/21/2005 8:00 PM
  NotAfter: 6/21/2030 7:59 PM
  Subject: CN=S-TRUST Authentication and Encryption Root CA 2005:PN, O=Deutscher Sparkassen Verlag GmbH, L=Stuttgart, S=Baden-Wuerttemberg (BW), C=DE
  Serial: 371918e653547c1ab5b8cb595adb35b7
  SubjectAltName: Directory Address:CN=STRonline1-2048-5
  816b10be777a43dfe6568b73df9e6b7495a9b5be
  Element.dwInfoStatus = CERT_TRUST_HAS_KEY_MATCH_ISSUER (0x2)
  Element.dwInfoStatus = CERT_TRUST_IS_SELF_SIGNED (0x8)
  Element.dwInfoStatus = CERT_TRUST_HAS_PREFERRED_ISSUER (0x100)
  Element.dwErrorStatus = CERT_TRUST_IS_NOT_VALID_FOR_USAGE (0x10)
  Application[0] = 1.3.6.1.5.5.7.3.2 Client Authentication
  Application[1] = 1.3.6.1.5.5.7.3.3 Code Signing
  Application[2] = 1.3.6.1.5.5.7.3.4 Secure Email
  Application[3] = 1.3.6.1.5.5.7.3.6 IP security tunnel termination
  Application[4] = 1.3.6.1.5.5.7.3.7 IP security user
  Application[5] = 1.3.6.1.5.5.8.2.2 IP security IKE intermediate
  Application[6] = 1.3.6.1.5.5.7.3.8 Time Stamping
  Application[7] = 1.3.6.1.4.1.311.10.3.4 Encrypting File System

Exclude leaf cert:
  0907d8af90186095efbf55320d4b6b5eeea339da
Full chain:
  816b10be777a43dfe6568b73df9e6b7495a9b5be
  Issuer: CN=S-TRUST Authentication and Encryption Root CA 2005:PN, O=Deutscher Sparkassen Verlag GmbH, L=Stuttgart, S=Baden-Wuerttemberg (BW), C=DE
  NotBefore: 6/21/2005 8:00 PM
  NotAfter: 6/21/2030 7:59 PM
  Subject: CN=S-TRUST Authentication and Encryption Root CA 2005:PN, O=Deutscher Sparkassen Verlag GmbH, L=Stuttgart, S=Baden-Wuerttemberg (BW), C=DE
  Serial: 371918e653547c1ab5b8cb595adb35b7
  SubjectAltName: Directory Address:CN=STRonline1-2048-5
  816b10be777a43dfe6568b73df9e6b7495a9b5be
The certificate is not valid for the requested usage. 0x800b0110 (-2146762480 CERT_E_WRONG_USAGE)
------------------------------------
CertUtil: -verify command FAILED: 0x800b0110 (-2146762480 CERT_E_WRONG_USAGE)
CertUtil: The certificate is not valid for the requested usage.
