Issuer:
    CN=CCA India 2011
    O=India PKI
    C=IN
  Name Hash(sha1): 8899f5fd3ec020d075e5a3bd52b2af4167036c0d
  Name Hash(md5): 10cdabbffb314c7b1e4703724ac9cdf8
Subject:
    CN=CCA India 2011
    O=India PKI
    C=IN
  Name Hash(sha1): 8899f5fd3ec020d075e5a3bd52b2af4167036c0d
  Name Hash(md5): 10cdabbffb314c7b1e4703724ac9cdf8
Cert Serial Number: 278e

dwFlags = CA_VERIFY_FLAGS_CONSOLE_TRACE (0x20000000)
dwFlags = CA_VERIFY_FLAGS_DUMP_CHAIN (0x40000000)
Application[0] = 1.3.6.1.5.5.7.3.1 Server Authentication
ChainFlags = CERT_CHAIN_REVOCATION_CHECK_CHAIN_EXCLUDE_ROOT (0x40000000)
HCCE_LOCAL_MACHINE
CERT_CHAIN_POLICY_BASE
-------- CERT_CHAIN_CONTEXT --------
ChainContext.dwInfoStatus = CERT_TRUST_HAS_PREFERRED_ISSUER (0x100)
ChainContext.dwErrorStatus = CERT_TRUST_IS_NOT_TIME_VALID (0x1)

SimpleChain.dwInfoStatus = CERT_TRUST_HAS_PREFERRED_ISSUER (0x100)
SimpleChain.dwErrorStatus = CERT_TRUST_IS_NOT_TIME_VALID (0x1)

CertContext[0][0]: dwInfoStatus=10c dwErrorStatus=1
  Issuer: CN=CCA India 2011, O=India PKI, C=IN
  NotBefore: 3/11/2011 2:48 AM
  NotAfter: 3/11/2016 2:48 AM
  Subject: CN=CCA India 2011, O=India PKI, C=IN
  Serial: 278e
  64d58d5e8d8195a8a70b666afca763acd125d5be
  Element.dwInfoStatus = CERT_TRUST_HAS_NAME_MATCH_ISSUER (0x4)
  Element.dwInfoStatus = CERT_TRUST_IS_SELF_SIGNED (0x8)
  Element.dwInfoStatus = CERT_TRUST_HAS_PREFERRED_ISSUER (0x100)
  Element.dwErrorStatus = CERT_TRUST_IS_NOT_TIME_VALID (0x1)
  Application[0] = 1.3.6.1.5.5.7.3.1 Server Authentication
  Application[1] = 1.3.6.1.5.5.7.3.2 Client Authentication
  Application[2] = 1.3.6.1.5.5.7.3.4 Secure Email
  Application[3] = 1.3.6.1.5.5.7.3.3 Code Signing
  Application[4] = 1.3.6.1.5.5.7.3.8 Time Stamping
  Application[5] = 1.3.6.1.4.1.311.10.3.4 Encrypting File System
  Application[6] = 1.3.6.1.5.5.7.3.6 IP security tunnel termination
  Application[7] = 1.3.6.1.5.5.7.3.7 IP security user
  Application[8] = 1.3.6.1.5.5.7.3.9 OCSP Signing

Exclude leaf cert:
  0907d8af90186095efbf55320d4b6b5eeea339da
Full chain:
  64d58d5e8d8195a8a70b666afca763acd125d5be
  Issuer: CN=CCA India 2011, O=India PKI, C=IN
  NotBefore: 3/11/2011 2:48 AM
  NotAfter: 3/11/2016 2:48 AM
  Subject: CN=CCA India 2011, O=India PKI, C=IN
  Serial: 278e
  64d58d5e8d8195a8a70b666afca763acd125d5be
A required certificate is not within its validity period when verifying against the current system clock or the timestamp in the signed file. 0x800b0101 (-2146762495 CERT_E_EXPIRED)
------------------------------------
Expired certificate
Cert is a CA certificate
Cannot check leaf certificate revocation status
CertUtil: -verify command completed successfully.
