Issuer:
    CN=Echoworx Root CA2
    OU=Certification Services
    O=Echoworx Corporation
    L=Toronto
    S=Ontario
    C=CA
  Name Hash(sha1): e419bad9b8c7530a1ede67288d7c64f82375de7a
  Name Hash(md5): 170973d34c561a43ed1d9ede85d42742
Subject:
    CN=Echoworx Root CA2
    OU=Certification Services
    O=Echoworx Corporation
    L=Toronto
    S=Ontario
    C=CA
  Name Hash(sha1): e419bad9b8c7530a1ede67288d7c64f82375de7a
  Name Hash(md5): 170973d34c561a43ed1d9ede85d42742
Cert Serial Number: 00

dwFlags = CA_VERIFY_FLAGS_CONSOLE_TRACE (0x20000000)
dwFlags = CA_VERIFY_FLAGS_DUMP_CHAIN (0x40000000)
Application[0] = 1.3.6.1.5.5.7.3.1 Server Authentication
ChainFlags = CERT_CHAIN_REVOCATION_CHECK_CHAIN_EXCLUDE_ROOT (0x40000000)
HCCE_LOCAL_MACHINE
CERT_CHAIN_POLICY_BASE
-------- CERT_CHAIN_CONTEXT --------
ChainContext.dwInfoStatus = CERT_TRUST_HAS_PREFERRED_ISSUER (0x100)
ChainContext.dwErrorStatus = CERT_TRUST_IS_NOT_VALID_FOR_USAGE (0x10)

SimpleChain.dwInfoStatus = CERT_TRUST_HAS_PREFERRED_ISSUER (0x100)
SimpleChain.dwErrorStatus = CERT_TRUST_IS_NOT_VALID_FOR_USAGE (0x10)

CertContext[0][0]: dwInfoStatus=109 dwErrorStatus=10
  Issuer: CN=Echoworx Root CA2, OU=Certification Services, O=Echoworx Corporation, L=Toronto, S=Ontario, C=CA
  NotBefore: 10/6/2005 6:49 AM
  NotAfter: 10/7/2030 6:49 AM
  Subject: CN=Echoworx Root CA2, OU=Certification Services, O=Echoworx Corporation, L=Toronto, S=Ontario, C=CA
  Serial: 00
  be87a37e3697c352fb52176e18da8cea648265cb
  Element.dwInfoStatus = CERT_TRUST_HAS_EXACT_MATCH_ISSUER (0x1)
  Element.dwInfoStatus = CERT_TRUST_IS_SELF_SIGNED (0x8)
  Element.dwInfoStatus = CERT_TRUST_HAS_PREFERRED_ISSUER (0x100)
  Element.dwErrorStatus = CERT_TRUST_IS_NOT_VALID_FOR_USAGE (0x10)
  Issuance[0] = 1.3.6.1.4.1.15505.10.1.3.1 
  Application[0] = 1.3.6.1.5.5.7.3.2 Client Authentication
  Application[1] = 1.3.6.1.5.5.7.3.4 Secure Email
  Application[2] = 1.3.6.1.4.1.311.10.3.12 Document Signing

Exclude leaf cert:
  0907d8af90186095efbf55320d4b6b5eeea339da
Full chain:
  be87a37e3697c352fb52176e18da8cea648265cb
  Issuer: CN=Echoworx Root CA2, OU=Certification Services, O=Echoworx Corporation, L=Toronto, S=Ontario, C=CA
  NotBefore: 10/6/2005 6:49 AM
  NotAfter: 10/7/2030 6:49 AM
  Subject: CN=Echoworx Root CA2, OU=Certification Services, O=Echoworx Corporation, L=Toronto, S=Ontario, C=CA
  Serial: 00
  be87a37e3697c352fb52176e18da8cea648265cb
The certificate is not valid for the requested usage. 0x800b0110 (-2146762480 CERT_E_WRONG_USAGE)
------------------------------------
CertUtil: -verify command FAILED: 0x800b0110 (-2146762480 CERT_E_WRONG_USAGE)
CertUtil: The certificate is not valid for the requested usage.
