Issuer:
    OU=Equifax Secure Certificate Authority
    O=Equifax
    C=US
  Name Hash(sha1): b766b315f42e43928d37687d7770465ea69837c2
  Name Hash(md5): 75174f59ab5494f27554ba970a52ae6f
Subject:
    OU=Equifax Secure Certificate Authority
    O=Equifax
    C=US
  Name Hash(sha1): b766b315f42e43928d37687d7770465ea69837c2
  Name Hash(md5): 75174f59ab5494f27554ba970a52ae6f
Cert Serial Number: 35def4cf

dwFlags = CA_VERIFY_FLAGS_CONSOLE_TRACE (0x20000000)
dwFlags = CA_VERIFY_FLAGS_DUMP_CHAIN (0x40000000)
Application[0] = 1.3.6.1.5.5.7.3.1 Server Authentication
ChainFlags = CERT_CHAIN_REVOCATION_CHECK_CHAIN_EXCLUDE_ROOT (0x40000000)
HCCE_LOCAL_MACHINE
CERT_CHAIN_POLICY_BASE
-------- CERT_CHAIN_CONTEXT --------
ChainContext.dwInfoStatus = CERT_TRUST_HAS_PREFERRED_ISSUER (0x100)
ChainContext.dwErrorStatus = CERT_TRUST_IS_NOT_TIME_VALID (0x1)

SimpleChain.dwInfoStatus = CERT_TRUST_HAS_PREFERRED_ISSUER (0x100)
SimpleChain.dwErrorStatus = CERT_TRUST_IS_NOT_TIME_VALID (0x1)

CertContext[0][0]: dwInfoStatus=10a dwErrorStatus=1
  Issuer: OU=Equifax Secure Certificate Authority, O=Equifax, C=US
  NotBefore: 8/22/1998 12:41 PM
  NotAfter: 8/22/2018 12:41 PM
  Subject: OU=Equifax Secure Certificate Authority, O=Equifax, C=US
  Serial: 35def4cf
  3a63869713629d7f0de474212314d323ad0932d2
  Element.dwInfoStatus = CERT_TRUST_HAS_KEY_MATCH_ISSUER (0x2)
  Element.dwInfoStatus = CERT_TRUST_IS_SELF_SIGNED (0x8)
  Element.dwInfoStatus = CERT_TRUST_HAS_PREFERRED_ISSUER (0x100)
  Element.dwErrorStatus = CERT_TRUST_IS_NOT_TIME_VALID (0x1)
  Application[0] = 1.3.6.1.5.5.7.3.4 Secure Email
  Application[1] = 1.3.6.1.5.5.7.3.1 Server Authentication
  Application[2] = 1.3.6.1.5.5.7.3.3 Code Signing

Exclude leaf cert:
  0907d8af90186095efbf55320d4b6b5eeea339da
Full chain:
  3a63869713629d7f0de474212314d323ad0932d2
  Issuer: OU=Equifax Secure Certificate Authority, O=Equifax, C=US
  NotBefore: 8/22/1998 12:41 PM
  NotAfter: 8/22/2018 12:41 PM
  Subject: OU=Equifax Secure Certificate Authority, O=Equifax, C=US
  Serial: 35def4cf
  3a63869713629d7f0de474212314d323ad0932d2
A required certificate is not within its validity period when verifying against the current system clock or the timestamp in the signed file. 0x800b0101 (-2146762495 CERT_E_EXPIRED)
------------------------------------
Expired certificate
Cert is a CA certificate

ERROR: Verifying leaf certificate revocation status returned The revocation function was unable to check revocation because the revocation server was offline. 0x80092013 (-2146885613 CRYPT_E_REVOCATION_OFFLINE)
CertUtil: The revocation function was unable to check revocation because the revocation server was offline.

CertUtil: -verify command completed successfully.
