Issuer:
    CN=SSC GDL CA VS Root
    OU=VS ROOT Services
    O=Skaitmeninio sertifikavimo centras
    C=LT
  Name Hash(sha1): 1d5cc9a2fa9bb18f9df92e93b2d0309616abe7fa
  Name Hash(md5): 7c218ef9bc18e552caf8e13df486846e
Subject:
    CN=SSC GDL CA VS Root
    OU=VS ROOT Services
    O=Skaitmeninio sertifikavimo centras
    C=LT
  Name Hash(sha1): 1d5cc9a2fa9bb18f9df92e93b2d0309616abe7fa
  Name Hash(md5): 7c218ef9bc18e552caf8e13df486846e
Cert Serial Number: 33bd227b2bbc70844c205f573f9455f5

dwFlags = CA_VERIFY_FLAGS_CONSOLE_TRACE (0x20000000)
dwFlags = CA_VERIFY_FLAGS_DUMP_CHAIN (0x40000000)
Application[0] = 1.3.6.1.5.5.7.3.1 Server Authentication
ChainFlags = CERT_CHAIN_REVOCATION_CHECK_CHAIN_EXCLUDE_ROOT (0x40000000)
HCCE_LOCAL_MACHINE
CERT_CHAIN_POLICY_BASE
-------- CERT_CHAIN_CONTEXT --------
ChainContext.dwInfoStatus = CERT_TRUST_HAS_PREFERRED_ISSUER (0x100)
ChainContext.dwErrorStatus = CERT_TRUST_IS_NOT_VALID_FOR_USAGE (0x10)

SimpleChain.dwInfoStatus = CERT_TRUST_HAS_PREFERRED_ISSUER (0x100)
SimpleChain.dwErrorStatus = CERT_TRUST_IS_NOT_VALID_FOR_USAGE (0x10)

CertContext[0][0]: dwInfoStatus=10c dwErrorStatus=10
  Issuer: CN=SSC GDL CA VS Root, OU=VS ROOT Services, O=Skaitmeninio sertifikavimo centras, C=LT
  NotBefore: 6/4/2013 11:24 AM
  NotAfter: 6/4/2033 11:28 AM
  Subject: CN=SSC GDL CA VS Root, OU=VS ROOT Services, O=Skaitmeninio sertifikavimo centras, C=LT
  Serial: 33bd227b2bbc70844c205f573f9455f5
  312d6bee5f295ed5b84c2aeec8e992f5125e69d2
  Element.dwInfoStatus = CERT_TRUST_HAS_NAME_MATCH_ISSUER (0x4)
  Element.dwInfoStatus = CERT_TRUST_IS_SELF_SIGNED (0x8)
  Element.dwInfoStatus = CERT_TRUST_HAS_PREFERRED_ISSUER (0x100)
  Element.dwErrorStatus = CERT_TRUST_IS_NOT_VALID_FOR_USAGE (0x10)
  Application[0] = 1.3.6.1.5.5.7.3.2 Client Authentication
  Application[1] = 1.3.6.1.5.5.7.3.4 Secure Email
  Application[2] = 1.3.6.1.4.1.311.10.3.12 Document Signing

Exclude leaf cert:
  0907d8af90186095efbf55320d4b6b5eeea339da
Full chain:
  312d6bee5f295ed5b84c2aeec8e992f5125e69d2
  Issuer: CN=SSC GDL CA VS Root, OU=VS ROOT Services, O=Skaitmeninio sertifikavimo centras, C=LT
  NotBefore: 6/4/2013 11:24 AM
  NotAfter: 6/4/2033 11:28 AM
  Subject: CN=SSC GDL CA VS Root, OU=VS ROOT Services, O=Skaitmeninio sertifikavimo centras, C=LT
  Serial: 33bd227b2bbc70844c205f573f9455f5
  312d6bee5f295ed5b84c2aeec8e992f5125e69d2
The certificate is not valid for the requested usage. 0x800b0110 (-2146762480 CERT_E_WRONG_USAGE)
------------------------------------
CertUtil: -verify command FAILED: 0x800b0110 (-2146762480 CERT_E_WRONG_USAGE)
CertUtil: The certificate is not valid for the requested usage.
