Issuer:
    CN=e-Guven Kok Elektronik Sertifika Hizmet Saglayicisi
    O=Elektronik Bilgi Guvenligi A.S.
    C=TR
  Name Hash(sha1): d7b057d1d5908bfea27d4e55593182aa6207f81c
  Name Hash(md5): 898d180d578f7c878d7fe510497bae34
Subject:
    CN=e-Guven Kok Elektronik Sertifika Hizmet Saglayicisi
    O=Elektronik Bilgi Guvenligi A.S.
    C=TR
  Name Hash(sha1): d7b057d1d5908bfea27d4e55593182aa6207f81c
  Name Hash(md5): 898d180d578f7c878d7fe510497bae34
Cert Serial Number: 44998d3cc00327bd9c7695b9eadbacb5

dwFlags = CA_VERIFY_FLAGS_CONSOLE_TRACE (0x20000000)
dwFlags = CA_VERIFY_FLAGS_DUMP_CHAIN (0x40000000)
Application[0] = 1.3.6.1.5.5.7.3.1 Server Authentication
ChainFlags = CERT_CHAIN_REVOCATION_CHECK_CHAIN_EXCLUDE_ROOT (0x40000000)
HCCE_LOCAL_MACHINE
CERT_CHAIN_POLICY_BASE
-------- CERT_CHAIN_CONTEXT --------
ChainContext.dwInfoStatus = CERT_TRUST_HAS_PREFERRED_ISSUER (0x100)
ChainContext.dwErrorStatus = CERT_TRUST_IS_NOT_TIME_VALID (0x1)

SimpleChain.dwInfoStatus = CERT_TRUST_HAS_PREFERRED_ISSUER (0x100)
SimpleChain.dwErrorStatus = CERT_TRUST_IS_NOT_TIME_VALID (0x1)

CertContext[0][0]: dwInfoStatus=10c dwErrorStatus=1
  Issuer: CN=e-Guven Kok Elektronik Sertifika Hizmet Saglayicisi, O=Elektronik Bilgi Guvenligi A.S., C=TR
  NotBefore: 1/4/2007 7:32 AM
  NotAfter: 1/4/2017 7:32 AM
  Subject: CN=e-Guven Kok Elektronik Sertifika Hizmet Saglayicisi, O=Elektronik Bilgi Guvenligi A.S., C=TR
  Serial: 44998d3cc00327bd9c7695b9eadbacb5
  344199fdb14b7e80b3845e871d2e8001a9d2e1dd
  Element.dwInfoStatus = CERT_TRUST_HAS_NAME_MATCH_ISSUER (0x4)
  Element.dwInfoStatus = CERT_TRUST_IS_SELF_SIGNED (0x8)
  Element.dwInfoStatus = CERT_TRUST_HAS_PREFERRED_ISSUER (0x100)
  Element.dwErrorStatus = CERT_TRUST_IS_NOT_TIME_VALID (0x1)
  Application[0] = 1.3.6.1.5.5.7.3.1 Server Authentication
  Application[1] = 1.3.6.1.5.5.7.3.2 Client Authentication
  Application[2] = 1.3.6.1.5.5.7.3.3 Code Signing
  Application[3] = 1.3.6.1.5.5.7.3.4 Secure Email
  Application[4] = 1.3.6.1.5.5.7.3.8 Time Stamping
  Application[5] = 1.3.6.1.5.5.7.3.9 OCSP Signing

Exclude leaf cert:
  0907d8af90186095efbf55320d4b6b5eeea339da
Full chain:
  344199fdb14b7e80b3845e871d2e8001a9d2e1dd
  Issuer: CN=e-Guven Kok Elektronik Sertifika Hizmet Saglayicisi, O=Elektronik Bilgi Guvenligi A.S., C=TR
  NotBefore: 1/4/2007 7:32 AM
  NotAfter: 1/4/2017 7:32 AM
  Subject: CN=e-Guven Kok Elektronik Sertifika Hizmet Saglayicisi, O=Elektronik Bilgi Guvenligi A.S., C=TR
  Serial: 44998d3cc00327bd9c7695b9eadbacb5
  344199fdb14b7e80b3845e871d2e8001a9d2e1dd
A required certificate is not within its validity period when verifying against the current system clock or the timestamp in the signed file. 0x800b0101 (-2146762495 CERT_E_EXPIRED)
------------------------------------
Expired certificate
Cert is a CA certificate
Cannot check leaf certificate revocation status
CertUtil: -verify command completed successfully.
