Issuer:
    CN=Hongkong Post Root CA 2
    O=Hongkong Post
    L=Hong Kong
    S=Hong Kong
    C=HK
  Name Hash(sha1): a60c0af33099c0034ab834e461c1571ead4aebe1
  Name Hash(md5): 287316119e6b0619207e6964ecf4bbb5
Subject:
    CN=Hongkong Post Root CA 2
    O=Hongkong Post
    L=Hong Kong
    S=Hong Kong
    C=HK
  Name Hash(sha1): a60c0af33099c0034ab834e461c1571ead4aebe1
  Name Hash(md5): 287316119e6b0619207e6964ecf4bbb5
Cert Serial Number: 68a5fda6d01c5e3fcfe4f999df7a6c6f39a97ffc

dwFlags = CA_VERIFY_FLAGS_CONSOLE_TRACE (0x20000000)
dwFlags = CA_VERIFY_FLAGS_DUMP_CHAIN (0x40000000)
Application[0] = 1.3.6.1.5.5.7.3.1 Server Authentication
ChainFlags = CERT_CHAIN_REVOCATION_CHECK_CHAIN_EXCLUDE_ROOT (0x40000000)
HCCE_LOCAL_MACHINE
CERT_CHAIN_POLICY_BASE
-------- CERT_CHAIN_CONTEXT --------
ChainContext.dwInfoStatus = CERT_TRUST_HAS_PREFERRED_ISSUER (0x100)
ChainContext.dwErrorStatus = CERT_TRUST_IS_NOT_VALID_FOR_USAGE (0x10)

SimpleChain.dwInfoStatus = CERT_TRUST_HAS_PREFERRED_ISSUER (0x100)
SimpleChain.dwErrorStatus = CERT_TRUST_IS_NOT_VALID_FOR_USAGE (0x10)

CertContext[0][0]: dwInfoStatus=10a dwErrorStatus=10
  Issuer: CN=Hongkong Post Root CA 2, O=Hongkong Post, L=Hong Kong, S=Hong Kong, C=HK
  NotBefore: 9/4/2015 10:34 PM
  NotAfter: 9/4/2040 10:34 PM
  Subject: CN=Hongkong Post Root CA 2, O=Hongkong Post, L=Hong Kong, S=Hong Kong, C=HK
  Serial: 68a5fda6d01c5e3fcfe4f999df7a6c6f39a97ffc
  a28c2c586b59fef89540d43019c41ee4080801de
  Element.dwInfoStatus = CERT_TRUST_HAS_KEY_MATCH_ISSUER (0x2)
  Element.dwInfoStatus = CERT_TRUST_IS_SELF_SIGNED (0x8)
  Element.dwInfoStatus = CERT_TRUST_HAS_PREFERRED_ISSUER (0x100)
  Element.dwErrorStatus = CERT_TRUST_IS_NOT_VALID_FOR_USAGE (0x10)
  Application[0] = 1.3.6.1.4.1.311.10.3.12 Document Signing
  Application[1] = 1.3.6.1.5.5.7.3.2 Client Authentication
  Application[2] = 1.3.6.1.5.5.7.3.4 Secure Email

Exclude leaf cert:
  0907d8af90186095efbf55320d4b6b5eeea339da
Full chain:
  a28c2c586b59fef89540d43019c41ee4080801de
  Issuer: CN=Hongkong Post Root CA 2, O=Hongkong Post, L=Hong Kong, S=Hong Kong, C=HK
  NotBefore: 9/4/2015 10:34 PM
  NotAfter: 9/4/2040 10:34 PM
  Subject: CN=Hongkong Post Root CA 2, O=Hongkong Post, L=Hong Kong, S=Hong Kong, C=HK
  Serial: 68a5fda6d01c5e3fcfe4f999df7a6c6f39a97ffc
  a28c2c586b59fef89540d43019c41ee4080801de
The certificate is not valid for the requested usage. 0x800b0110 (-2146762480 CERT_E_WRONG_USAGE)
------------------------------------
CertUtil: -verify command FAILED: 0x800b0110 (-2146762480 CERT_E_WRONG_USAGE)
CertUtil: The certificate is not valid for the requested usage.
