Issuer:
    CN=UTN-USERFirst-Object
    OU=http://www.usertrust.com
    O=The USERTRUST Network
    L=Salt Lake City
    S=UT
    C=US
  Name Hash(sha1): 6d97a94c636fa23e86f8b70af2205f857e051dbf
  Name Hash(md5): f919b9ccce1e59c2e785f7dc2ccf6708
Subject:
    CN=UTN-USERFirst-Object
    OU=http://www.usertrust.com
    O=The USERTRUST Network
    L=Salt Lake City
    S=UT
    C=US
  Name Hash(sha1): 6d97a94c636fa23e86f8b70af2205f857e051dbf
  Name Hash(md5): f919b9ccce1e59c2e785f7dc2ccf6708
Cert Serial Number: 44be0c8b500024b411d3362de0b35f1b

dwFlags = CA_VERIFY_FLAGS_CONSOLE_TRACE (0x20000000)
dwFlags = CA_VERIFY_FLAGS_DUMP_CHAIN (0x40000000)
Application[0] = 1.3.6.1.5.5.7.3.1 Server Authentication
ChainFlags = CERT_CHAIN_REVOCATION_CHECK_CHAIN_EXCLUDE_ROOT (0x40000000)
HCCE_LOCAL_MACHINE
CERT_CHAIN_POLICY_BASE
-------- CERT_CHAIN_CONTEXT --------
ChainContext.dwInfoStatus = CERT_TRUST_HAS_PREFERRED_ISSUER (0x100)
ChainContext.dwErrorStatus = CERT_TRUST_IS_NOT_TIME_VALID (0x1)
ChainContext.dwErrorStatus = CERT_TRUST_IS_NOT_VALID_FOR_USAGE (0x10)

SimpleChain.dwInfoStatus = CERT_TRUST_HAS_PREFERRED_ISSUER (0x100)
SimpleChain.dwErrorStatus = CERT_TRUST_IS_NOT_TIME_VALID (0x1)
SimpleChain.dwErrorStatus = CERT_TRUST_IS_NOT_VALID_FOR_USAGE (0x10)

CertContext[0][0]: dwInfoStatus=10c dwErrorStatus=11
  Issuer: CN=UTN-USERFirst-Object, OU=http://www.usertrust.com, O=The USERTRUST Network, L=Salt Lake City, S=UT, C=US
  NotBefore: 7/9/1999 2:31 PM
  NotAfter: 7/9/2019 2:40 PM
  Subject: CN=UTN-USERFirst-Object, OU=http://www.usertrust.com, O=The USERTRUST Network, L=Salt Lake City, S=UT, C=US
  Serial: 44be0c8b500024b411d3362de0b35f1b
  462d5e38d8811dac4b51302bc3d9d7414bfb2de1
  Element.dwInfoStatus = CERT_TRUST_HAS_NAME_MATCH_ISSUER (0x4)
  Element.dwInfoStatus = CERT_TRUST_IS_SELF_SIGNED (0x8)
  Element.dwInfoStatus = CERT_TRUST_HAS_PREFERRED_ISSUER (0x100)
  Element.dwErrorStatus = CERT_TRUST_IS_NOT_TIME_VALID (0x1)
  Element.dwErrorStatus = CERT_TRUST_IS_NOT_VALID_FOR_USAGE (0x10)
  Application[0] = 1.3.6.1.5.5.7.3.3 Code Signing
  Application[1] = 1.3.6.1.5.5.7.3.8 Time Stamping
  Application[2] = 1.3.6.1.4.1.311.10.3.4 Encrypting File System

Exclude leaf cert:
  0907d8af90186095efbf55320d4b6b5eeea339da
Full chain:
  462d5e38d8811dac4b51302bc3d9d7414bfb2de1
  Issuer: CN=UTN-USERFirst-Object, OU=http://www.usertrust.com, O=The USERTRUST Network, L=Salt Lake City, S=UT, C=US
  NotBefore: 7/9/1999 2:31 PM
  NotAfter: 7/9/2019 2:40 PM
  Subject: CN=UTN-USERFirst-Object, OU=http://www.usertrust.com, O=The USERTRUST Network, L=Salt Lake City, S=UT, C=US
  Serial: 44be0c8b500024b411d3362de0b35f1b
  462d5e38d8811dac4b51302bc3d9d7414bfb2de1
The certificate is not valid for the requested usage. 0x800b0110 (-2146762480 CERT_E_WRONG_USAGE)
------------------------------------
CertUtil: -verify command FAILED: 0x800b0110 (-2146762480 CERT_E_WRONG_USAGE)
CertUtil: The certificate is not valid for the requested usage.
