Issuer:
    E=pkiadmin@trustcentre.co.za
    CN=SAPO Class 2 Root CA
    OU=SAPO Trust Centre
    O=South African Post Office Limited
    L=Somerset West
    S=Western Cape
    C=ZA
  Name Hash(sha1): f7a10ac60fd3d3b08e0070306b442cb70895fd8c
  Name Hash(md5): 8aa2c13cd3d4d9d48c8d1863d137cc59
Subject:
    E=pkiadmin@trustcentre.co.za
    CN=SAPO Class 2 Root CA
    OU=SAPO Trust Centre
    O=South African Post Office Limited
    L=Somerset West
    S=Western Cape
    C=ZA
  Name Hash(sha1): f7a10ac60fd3d3b08e0070306b442cb70895fd8c
  Name Hash(md5): 8aa2c13cd3d4d9d48c8d1863d137cc59
Cert Serial Number: 01

dwFlags = CA_VERIFY_FLAGS_CONSOLE_TRACE (0x20000000)
dwFlags = CA_VERIFY_FLAGS_DUMP_CHAIN (0x40000000)
Application[0] = 1.3.6.1.5.5.7.3.1 Server Authentication
ChainFlags = CERT_CHAIN_REVOCATION_CHECK_CHAIN_EXCLUDE_ROOT (0x40000000)
HCCE_LOCAL_MACHINE
CERT_CHAIN_POLICY_BASE
-------- CERT_CHAIN_CONTEXT --------
ChainContext.dwInfoStatus = CERT_TRUST_HAS_PREFERRED_ISSUER (0x100)
ChainContext.dwErrorStatus = CERT_TRUST_IS_NOT_VALID_FOR_USAGE (0x10)

SimpleChain.dwInfoStatus = CERT_TRUST_HAS_PREFERRED_ISSUER (0x100)
SimpleChain.dwErrorStatus = CERT_TRUST_IS_NOT_VALID_FOR_USAGE (0x10)

CertContext[0][0]: dwInfoStatus=10c dwErrorStatus=10
  Issuer: E=pkiadmin@trustcentre.co.za, CN=SAPO Class 2 Root CA, OU=SAPO Trust Centre, O=South African Post Office Limited, L=Somerset West, S=Western Cape, C=ZA
  NotBefore: 9/14/2010 8:00 PM
  NotAfter: 9/13/2030 8:00 PM
  Subject: E=pkiadmin@trustcentre.co.za, CN=SAPO Class 2 Root CA, OU=SAPO Trust Centre, O=South African Post Office Limited, L=Somerset West, S=Western Cape, C=ZA
  Serial: 01
  d7e638b0034cb3c3d38c7be289efa18a600155e4
  Element.dwInfoStatus = CERT_TRUST_HAS_NAME_MATCH_ISSUER (0x4)
  Element.dwInfoStatus = CERT_TRUST_IS_SELF_SIGNED (0x8)
  Element.dwInfoStatus = CERT_TRUST_HAS_PREFERRED_ISSUER (0x100)
  Element.dwErrorStatus = CERT_TRUST_IS_NOT_VALID_FOR_USAGE (0x10)
  Application[0] = 1.3.6.1.5.5.7.3.2 Client Authentication
  Application[1] = 1.3.6.1.5.5.7.3.4 Secure Email
  Application[2] = 1.3.6.1.5.5.7.3.3 Code Signing
  Application[3] = 1.3.6.1.5.5.7.3.8 Time Stamping

Exclude leaf cert:
  0907d8af90186095efbf55320d4b6b5eeea339da
Full chain:
  d7e638b0034cb3c3d38c7be289efa18a600155e4
  Issuer: E=pkiadmin@trustcentre.co.za, CN=SAPO Class 2 Root CA, OU=SAPO Trust Centre, O=South African Post Office Limited, L=Somerset West, S=Western Cape, C=ZA
  NotBefore: 9/14/2010 8:00 PM
  NotAfter: 9/13/2030 8:00 PM
  Subject: E=pkiadmin@trustcentre.co.za, CN=SAPO Class 2 Root CA, OU=SAPO Trust Centre, O=South African Post Office Limited, L=Somerset West, S=Western Cape, C=ZA
  Serial: 01
  d7e638b0034cb3c3d38c7be289efa18a600155e4
The certificate is not valid for the requested usage. 0x800b0110 (-2146762480 CERT_E_WRONG_USAGE)
------------------------------------
CertUtil: -verify command FAILED: 0x800b0110 (-2146762480 CERT_E_WRONG_USAGE)
CertUtil: The certificate is not valid for the requested usage.
