Issuer:
    CN=Class 3TS Primary CA
    O=Certplus
    C=FR
  Name Hash(sha1): 6a2dd158dddcfc581ac5d6b80b059ba3fc04e016
  Name Hash(md5): 4748367a32e2d9519c507de0db925e35
Subject:
    CN=Class 3TS Primary CA
    O=Certplus
    C=FR
  Name Hash(sha1): 6a2dd158dddcfc581ac5d6b80b059ba3fc04e016
  Name Hash(md5): 4748367a32e2d9519c507de0db925e35
Cert Serial Number: af3f646b56028666c6d843f94b7d96cf

dwFlags = CA_VERIFY_FLAGS_CONSOLE_TRACE (0x20000000)
dwFlags = CA_VERIFY_FLAGS_DUMP_CHAIN (0x40000000)
Application[0] = 1.3.6.1.5.5.7.3.1 Server Authentication
ChainFlags = CERT_CHAIN_REVOCATION_CHECK_CHAIN_EXCLUDE_ROOT (0x40000000)
HCCE_LOCAL_MACHINE
CERT_CHAIN_POLICY_BASE
-------- CERT_CHAIN_CONTEXT --------
ChainContext.dwInfoStatus = CERT_TRUST_HAS_PREFERRED_ISSUER (0x100)
ChainContext.dwErrorStatus = CERT_TRUST_IS_NOT_TIME_VALID (0x1)

SimpleChain.dwInfoStatus = CERT_TRUST_HAS_PREFERRED_ISSUER (0x100)
SimpleChain.dwErrorStatus = CERT_TRUST_IS_NOT_TIME_VALID (0x1)

CertContext[0][0]: dwInfoStatus=10c dwErrorStatus=1
  Issuer: CN=Class 3TS Primary CA, O=Certplus, C=FR
  NotBefore: 7/7/1999 1:14 PM
  NotAfter: 7/6/2019 7:59 PM
  Subject: CN=Class 3TS Primary CA, O=Certplus, C=FR
  Serial: af3f646b56028666c6d843f94b7d96cf
  52bc91f0f870df988fbf774ffc73ac38c29540f4
  Element.dwInfoStatus = CERT_TRUST_HAS_NAME_MATCH_ISSUER (0x4)
  Element.dwInfoStatus = CERT_TRUST_IS_SELF_SIGNED (0x8)
  Element.dwInfoStatus = CERT_TRUST_HAS_PREFERRED_ISSUER (0x100)
  Element.dwErrorStatus = CERT_TRUST_IS_NOT_TIME_VALID (0x1)
  Application[0] = 1.3.6.1.5.5.7.3.4 Secure Email
  Application[1] = 1.3.6.1.5.5.7.3.1 Server Authentication
  Application[2] = 1.3.6.1.5.5.7.3.8 Time Stamping

Exclude leaf cert:
  0907d8af90186095efbf55320d4b6b5eeea339da
Full chain:
  52bc91f0f870df988fbf774ffc73ac38c29540f4
  Issuer: CN=Class 3TS Primary CA, O=Certplus, C=FR
  NotBefore: 7/7/1999 1:14 PM
  NotAfter: 7/6/2019 7:59 PM
  Subject: CN=Class 3TS Primary CA, O=Certplus, C=FR
  Serial: af3f646b56028666c6d843f94b7d96cf
  52bc91f0f870df988fbf774ffc73ac38c29540f4
A required certificate is not within its validity period when verifying against the current system clock or the timestamp in the signed file. 0x800b0101 (-2146762495 CERT_E_EXPIRED)
------------------------------------
Expired certificate
Cert is a CA certificate

ERROR: Verifying leaf certificate revocation status returned The revocation function was unable to check revocation because the revocation server was offline. 0x80092013 (-2146885613 CRYPT_E_REVOCATION_OFFLINE)
CertUtil: The revocation function was unable to check revocation because the revocation server was offline.

CertUtil: -verify command completed successfully.
